"../../../Engine/Content/EditorResources/S_Actor.ubulk" 0
"../../../Engine/Content/EditorResources/S_Actor.uasset" 1
"../../../Engine/Content/EditorResources/S_Actor.uexp" 2
"../../../Engine/Content/EditorResources/S_BoxReflectionCapture.uasset" 3
"../../../Engine/Content/EditorResources/S_BoxReflectionCapture.uexp" 4
"../../../Engine/Content/EngineResources/DefaultTexture.ubulk" 5
"../../../Engine/Content/EngineResources/DefaultTexture.uasset" 6
"../../../Engine/Content/EngineResources/DefaultTexture.uexp" 7
"../../../Engine/Content/EngineResources/DefaultTextureCube.uasset" 8
"../../../Engine/Content/EngineResources/DefaultTextureCube.uexp" 9
"../../../Engine/Content/EngineResources/DefaultVolumeTexture2D.uasset" 10
"../../../Engine/Content/EngineResources/DefaultVolumeTexture2D.uexp" 11
"../../../Engine/Content/EngineResources/DefaultVolumeTexture.uasset" 12
"../../../Engine/Content/EngineResources/DefaultVolumeTexture.uexp" 13
"../../../Engine/Content/EditorResources/S_Trigger.ubulk" 14
"../../../Engine/Content/EditorResources/S_Trigger.uasset" 15
"../../../Engine/Content/EditorResources/S_Trigger.uexp" 16
"../../../Engine/Content/EditorResources/S_TriggerBox.uasset" 17
"../../../Engine/Content/EditorResources/S_TriggerBox.uexp" 18
"../../../Engine/Content/EditorResources/S_TriggerCapsule.uasset" 19
"../../../Engine/Content/EditorResources/S_TriggerCapsule.uexp" 20
"../../../Engine/Content/EditorResources/S_TriggerSphere.uasset" 21
"../../../Engine/Content/EditorResources/S_TriggerSphere.uexp" 22
"../../../Engine/Content/EngineMeshes/Sphere.uasset" 23
"../../../Engine/Content/EngineMeshes/Sphere.uexp" 24
"../../../Engine/Content/EngineResources/GradientTexture0.uasset" 25
"../../../Engine/Content/EngineResources/GradientTexture0.uexp" 26
"../../../Engine/Content/EngineResources/Black.uasset" 27
"../../../Engine/Content/EngineResources/Black.uexp" 28
"../../../Engine/Content/VREditor/LaserPointer/VR_LaserPower_01.ubulk" 29
"../../../Engine/Content/VREditor/LaserPointer/VR_LaserPower_01.uasset" 30
"../../../Engine/Content/VREditor/LaserPointer/VR_LaserPower_01.uexp" 31
"../../../Engine/Content/VREditor/TransformGizmo/TransformGizmoMaterial.uasset" 32
"../../../Engine/Content/VREditor/TransformGizmo/TransformGizmoMaterial.uexp" 33
"../../../Engine/Content/VREditor/TransformGizmo/TranslucentTransformGizmoMaterial.uasset" 34
"../../../Engine/Content/VREditor/TransformGizmo/TranslucentTransformGizmoMaterial.uexp" 35
"../../../Engine/Content/VREditor/TransformGizmo/PlaneTranslationHandle.uasset" 36
"../../../Engine/Content/VREditor/TransformGizmo/PlaneTranslationHandle.uexp" 37
"../../../Engine/Content/VREditor/TransformGizmo/BoundingBoxCorner.uasset" 38
"../../../Engine/Content/VREditor/TransformGizmo/BoundingBoxCorner.uexp" 39
"../../../Engine/Content/VREditor/TransformGizmo/BoundingBoxEdge.uasset" 40
"../../../Engine/Content/VREditor/TransformGizmo/BoundingBoxEdge.uexp" 41
"../../../Engine/Content/VREditor/TransformGizmo/Main.uasset" 42
"../../../Engine/Content/VREditor/TransformGizmo/Main.uexp" 43
"../../../Engine/Content/VREditor/TransformGizmo/Xray.uasset" 44
"../../../Engine/Content/VREditor/TransformGizmo/Xray.uexp" 45
"../../../Engine/Content/VREditor/TransformGizmo/SM_Sequencer_Node.uasset" 46
"../../../Engine/Content/VREditor/TransformGizmo/SM_Sequencer_Node.uexp" 47
"../../../Engine/Content/EditorMaterials/Camera/CineMat.uasset" 48
"../../../Engine/Content/EditorMaterials/Camera/CineMat.uexp" 49
"../../../Engine/Content/EditorMaterials/Camera/MI_CineMat_Rig.uasset" 50
"../../../Engine/Content/EditorMaterials/Camera/MI_CineMat_Rig.uexp" 51
"../../../Engine/Content/EditorMeshes/Camera/SM_CraneRig_Base.uasset" 52
"../../../Engine/Content/EditorMeshes/Camera/SM_CraneRig_Base.uexp" 53
"../../../Engine/Content/EditorMeshes/Camera/SM_CraneRig_Arm.uasset" 54
"../../../Engine/Content/EditorMeshes/Camera/SM_CraneRig_Arm.uexp" 55
"../../../Engine/Content/EditorMeshes/Camera/SM_CraneRig_Mount.uasset" 56
"../../../Engine/Content/EditorMeshes/Camera/SM_CraneRig_Mount.uexp" 57
"../../../Engine/Content/EditorMeshes/Camera/SM_CraneRig_Body.uasset" 58
"../../../Engine/Content/EditorMeshes/Camera/SM_CraneRig_Body.uexp" 59
"../../../Engine/Content/EditorMeshes/Camera/SM_RailRig_Track.uasset" 60
"../../../Engine/Content/EditorMeshes/Camera/SM_RailRig_Track.uexp" 61
"../../../Engine/Content/EditorMeshes/Camera/SM_RailRig_Mount.uasset" 62
"../../../Engine/Content/EditorMeshes/Camera/SM_RailRig_Mount.uexp" 63
"../../../Engine/Content/EngineMaterials/T_Default_Material_Grid_M.ubulk" 64
"../../../Engine/Content/EngineMaterials/T_Default_Material_Grid_M.uasset" 65
"../../../Engine/Content/EngineMaterials/T_Default_Material_Grid_M.uexp" 66
"../../../Engine/Content/EngineMaterials/T_Default_Material_Grid_N.ubulk" 67
"../../../Engine/Content/EngineMaterials/T_Default_Material_Grid_N.uasset" 68
"../../../Engine/Content/EngineMaterials/T_Default_Material_Grid_N.uexp" 69
"../../../Engine/Content/Functions/Engine_MaterialFunctions01/Opacity/CameraDepthFade.uasset" 70
"../../../Engine/Content/Functions/Engine_MaterialFunctions01/Opacity/CameraDepthFade.uexp" 71
"../../../Engine/Content/EngineMaterials/WorldGridMaterial.uasset" 72
"../../../Engine/Content/EngineMaterials/WorldGridMaterial.uexp" 73
"../../../Engine/Content/ArtTools/RenderToTexture/Meshes/S_1_Unit_Plane.uasset" 74
"../../../Engine/Content/ArtTools/RenderToTexture/Meshes/S_1_Unit_Plane.uexp" 75
"../../../Engine/Content/EditorMaterials/ParticleSystems/PSysThumbnail_NoImage.ubulk" 76
"../../../Engine/Content/EditorMaterials/ParticleSystems/PSysThumbnail_NoImage.uasset" 77
"../../../Engine/Content/EditorMaterials/ParticleSystems/PSysThumbnail_NoImage.uexp" 78
"../../../Engine/Content/EditorMaterials/ParticleSystems/PSysThumbnail_OOD.ubulk" 79
"../../../Engine/Content/EditorMaterials/ParticleSystems/PSysThumbnail_OOD.uasset" 80
"../../../Engine/Content/EditorMaterials/ParticleSystems/PSysThumbnail_OOD.uexp" 81
"../../../Engine/Content/EditorLandscapeResources/SplineEditorMeshMat.uasset" 82
"../../../Engine/Content/EditorLandscapeResources/SplineEditorMeshMat.uexp" 83
"../../../Engine/Content/EditorLandscapeResources/SplineEditorMesh.uasset" 84
"../../../Engine/Content/EditorLandscapeResources/SplineEditorMesh.uexp" 85
"../../../Engine/Content/EditorResources/S_Solver.ubulk" 86
"../../../Engine/Content/EditorResources/S_Solver.uasset" 87
"../../../Engine/Content/EditorResources/S_Solver.uexp" 88
"../../../Engine/Content/EditorMeshes/EditorSphere.uasset" 89
"../../../Engine/Content/EditorMeshes/EditorSphere.uexp" 90
"../../../Engine/Plugins/Media/MediaPlate/Content/SM_MediaPlateScreen.uasset" 91
"../../../Engine/Plugins/Media/MediaPlate/Content/SM_MediaPlateScreen.uexp" 92
"../../../Engine/Content/EngineMaterials/Good64x64TilingNoiseHighFreq.uasset" 93
"../../../Engine/Content/EngineMaterials/Good64x64TilingNoiseHighFreq.uexp" 94
"../../../Engine/Content/EngineMaterials/DefaultBokeh.uasset" 95
"../../../Engine/Content/EngineMaterials/DefaultBokeh.uexp" 96
"../../../Engine/Content/EngineMaterials/PreintegratedSkinBRDF.uasset" 97
"../../../Engine/Content/EngineMaterials/PreintegratedSkinBRDF.uexp" 98
"../../../Engine/Content/EngineMaterials/MiniFont.uasset" 99
"../../../Engine/Content/EngineMaterials/MiniFont.uexp" 100
"../../../Engine/Content/EngineMaterials/WeightMapPlaceholderTexture.uasset" 101
"../../../Engine/Content/EngineMaterials/WeightMapPlaceholderTexture.uexp" 102
"../../../Engine/Content/EngineMaterials/DefaultWhiteGrid.ubulk" 103
"../../../Engine/Content/EngineMaterials/DefaultWhiteGrid.uasset" 104
"../../../Engine/Content/EngineMaterials/DefaultWhiteGrid.uexp" 105
"../../../Engine/Content/EngineMaterials/DefaultMaterial.uasset" 106
"../../../Engine/Content/EngineMaterials/DefaultMaterial.uexp" 107
"../../../Engine/Content/BasicShapes/Sphere.uasset" 108
"../../../Engine/Content/BasicShapes/Sphere.uexp" 109
"../../../Engine/Content/BasicShapes/Plane.uasset" 110
"../../../Engine/Content/BasicShapes/Plane.uexp" 111
"../../../Engine/Content/BasicShapes/Cylinder.uasset" 112
"../../../Engine/Content/BasicShapes/Cylinder.uexp" 113
"../../../Engine/Content/BasicShapes/Cube.uasset" 114
"../../../Engine/Content/BasicShapes/Cube.uexp" 115
"../../../Engine/Content/BasicShapes/Cone.uasset" 116
"../../../Engine/Content/BasicShapes/Cone.uexp" 117
"../../../Engine/Content/EditorLandscapeResources/DefaultAlphaTexture.uasset" 118
"../../../Engine/Content/EditorLandscapeResources/DefaultAlphaTexture.uexp" 119
"../../../Engine/Content/EditorLandscapeResources/DataLayer.uasset" 120
"../../../Engine/Content/EditorLandscapeResources/DataLayer.uexp" 121
"../../../Engine/Content/EditorMaterials/PreviewShadowIndicator.ubulk" 122
"../../../Engine/Content/EditorMaterials/PreviewShadowIndicator.uasset" 123
"../../../Engine/Content/EditorMaterials/PreviewShadowIndicator.uexp" 124
"../../../Engine/Content/EditorMaterials/PreviewShadowIndicatorMaterial.uasset" 125
"../../../Engine/Content/EditorMaterials/PreviewShadowIndicatorMaterial.uexp" 126
"../../../Engine/Content/EditorMaterials/PhAT_UnselectedMaterial.uasset" 127
"../../../Engine/Content/EditorMaterials/PhAT_UnselectedMaterial.uexp" 128
"../../../Engine/Content/EditorMaterials/PhAT_NoCollisionMaterial.uasset" 129
"../../../Engine/Content/EditorMaterials/PhAT_NoCollisionMaterial.uexp" 130
"../../../Engine/Content/Functions/Engine_MaterialFunctions02/Utility/MakeFloat4.uasset" 131
"../../../Engine/Content/Functions/Engine_MaterialFunctions02/Utility/MakeFloat4.uexp" 132
"../../../Engine/Content/Functions/Engine_MaterialFunctions02/Utility/MakeFloat3.uasset" 133
"../../../Engine/Content/Functions/Engine_MaterialFunctions02/Utility/MakeFloat3.uexp" 134
"../../../Engine/Content/Functions/Engine_MaterialFunctions02/Utility/BreakOutFloat3Components.uasset" 135
"../../../Engine/Content/Functions/Engine_MaterialFunctions02/Utility/BreakOutFloat3Components.uexp" 136
"../../../Engine/Content/EditorMaterials/WorldPartition/WorldPartitionSpatialHashGridPreviewMaterial.uasset" 137
"../../../Engine/Content/EditorMaterials/WorldPartition/WorldPartitionSpatialHashGridPreviewMaterial.uexp" 138
"../../../Engine/Content/EditorResources/S_Terrain.ubulk" 139
"../../../Engine/Content/EditorResources/S_Terrain.uasset" 140
"../../../Engine/Content/EditorResources/S_Terrain.uexp" 141
"../../../Engine/Content/EditorResources/EmptyActor.uasset" 142
"../../../Engine/Content/EditorResources/EmptyActor.uexp" 143
"../../../Engine/Content/EditorResources/BSPVertex.uasset" 144
"../../../Engine/Content/EditorResources/BSPVertex.uexp" 145
"../../../Engine/Content/EditorResources/SequenceRecorder/RecordingIndicator.uasset" 146
"../../../Engine/Content/EditorResources/SequenceRecorder/RecordingIndicator.uexp" 147
"../../../Engine/Content/EditorResources/SequenceRecorder/Countdown.uasset" 148
"../../../Engine/Content/EditorResources/SequenceRecorder/Countdown.uexp" 149
"../../../Engine/Content/EngineDamageTypes/DmgTypeBP_Environmental.uasset" 150
"../../../Engine/Content/EngineDamageTypes/DmgTypeBP_Environmental.uexp" 151
"../../../Engine/Content/Functions/Engine_MaterialFunctions02/Utility/CameraDirectionVector.uasset" 152
"../../../Engine/Content/Functions/Engine_MaterialFunctions02/Utility/CameraDirectionVector.uexp" 153
"../../../Engine/Content/EngineDebugMaterials/VolumeToRender.uasset" 154
"../../../Engine/Content/EngineDebugMaterials/VolumeToRender.uexp" 155
"../../../Engine/Content/EngineDebugMaterials/M_VolumeRenderSphereTracePP.uasset" 156
"../../../Engine/Content/EngineDebugMaterials/M_VolumeRenderSphereTracePP.uexp" 157
"../../../Engine/Content/EngineDebugMaterials/M_SimpleUnlitTranslucent.uasset" 158
"../../../Engine/Content/EngineDebugMaterials/M_SimpleUnlitTranslucent.uexp" 159
"../../../Engine/Content/EngineDebugMaterials/DebugMeshMaterial.uasset" 160
"../../../Engine/Content/EngineDebugMaterials/DebugMeshMaterial.uexp" 161
"../../../Engine/Content/EngineDebugMaterials/DebugEditorMaterial.uasset" 162
"../../../Engine/Content/EngineDebugMaterials/DebugEditorMaterial.uexp" 163
"../../../Engine/Content/EngineFonts/Faces/RobotoLight.uexp" 164
"../../../Engine/Content/EngineFonts/Faces/RobotoLight.uasset" 165
"../../../Engine/Content/EngineFonts/Faces/RobotoLight.ufont" 166
"../../../Engine/Content/EngineFonts/Faces/RobotoBold.uexp" 167
"../../../Engine/Content/EngineFonts/Faces/RobotoBold.uasset" 168
"../../../Engine/Content/EngineFonts/Faces/RobotoBold.ufont" 169
"../../../Engine/Content/EngineFonts/Faces/RobotoRegular.uexp" 170
"../../../Engine/Content/EngineFonts/Faces/RobotoRegular.uasset" 171
"../../../Engine/Content/EngineFonts/Faces/RobotoRegular.ufont" 172
"../../../Engine/Content/EngineFonts/Faces/DroidSansFallback.uexp" 173
"../../../Engine/Content/EngineFonts/Faces/DroidSansFallback.uasset" 174
"../../../Engine/Content/EngineFonts/Faces/DroidSansFallback.ufont" 175
"../../../Engine/Content/EngineFonts/Faces/RobotoItalic.uexp" 176
"../../../Engine/Content/EngineFonts/Faces/RobotoItalic.uasset" 177
"../../../Engine/Content/EngineFonts/Faces/RobotoItalic.ufont" 178
"../../../Engine/Content/EngineFonts/Faces/RobotoBoldItalic.uexp" 179
"../../../Engine/Content/EngineFonts/Faces/RobotoBoldItalic.uasset" 180
"../../../Engine/Content/EngineFonts/Faces/RobotoBoldItalic.ufont" 181
"../../../Engine/Content/EngineFonts/Roboto.uasset" 182
"../../../Engine/Content/EngineFonts/Roboto.uexp" 183
"../../../Engine/Content/EngineResources/WhiteSquareTexture.uasset" 184
"../../../Engine/Content/EngineResources/WhiteSquareTexture.uexp" 185
"../../../Engine/Content/EngineMaterials/Widget3DPassThrough.uasset" 186
"../../../Engine/Content/EngineMaterials/Widget3DPassThrough.uexp" 187
"../../../Engine/Content/EngineMaterials/Widget3DPassThrough_Translucent.uasset" 188
"../../../Engine/Content/EngineMaterials/Widget3DPassThrough_Translucent.uexp" 189
"../../../Engine/Content/EngineMaterials/Widget3DPassThrough_Translucent_OneSided.uasset" 190
"../../../Engine/Content/EngineMaterials/Widget3DPassThrough_Translucent_OneSided.uexp" 191
"../../../Engine/Content/EngineMaterials/Widget3DPassThrough_Opaque.uasset" 192
"../../../Engine/Content/EngineMaterials/Widget3DPassThrough_Opaque.uexp" 193
"../../../Engine/Content/EngineMaterials/Widget3DPassThrough_Opaque_OneSided.uasset" 194
"../../../Engine/Content/EngineMaterials/Widget3DPassThrough_Opaque_OneSided.uexp" 195
"../../../Engine/Content/EngineMaterials/Widget3DPassThrough_Masked_OneSided.uasset" 196
"../../../Engine/Content/EngineMaterials/Widget3DPassThrough_Masked_OneSided.uexp" 197
"../../../Engine/Content/EngineMaterials/Widget3DPassThrough_Masked.uasset" 198
"../../../Engine/Content/EngineMaterials/Widget3DPassThrough_Masked.uexp" 199
"C:/Users/Infor/Documents/Unreal Projects/PushPush/Content/LevelPrototyping/Materials/M_Solid.uasset" 200
"C:/Users/Infor/Documents/Unreal Projects/PushPush/Content/LevelPrototyping/Materials/M_Solid.uexp" 201
"C:/Users/Infor/Documents/Unreal Projects/PushPush/Content/LevelPrototyping/Materials/MI_Solid_Blue.uasset" 202
"C:/Users/Infor/Documents/Unreal Projects/PushPush/Content/LevelPrototyping/Materials/MI_Solid_Blue.uexp" 203
"C:/Users/Infor/Documents/Unreal Projects/PushPush/Content/LevelPrototyping/Meshes/SM_ChamferCube.uasset" 204
"C:/Users/Infor/Documents/Unreal Projects/PushPush/Content/LevelPrototyping/Meshes/SM_ChamferCube.uexp" 205
"../../../Engine/Content/EngineMaterials/STBlueNoise_vec2_128x128x64.uasset" 206
"../../../Engine/Content/EngineMaterials/STBlueNoise_vec2_128x128x64.uexp" 207
"../../../Engine/Content/EngineMaterials/STBlueNoise_scalar_128x128x64.uasset" 208
"../../../Engine/Content/EngineMaterials/STBlueNoise_scalar_128x128x64.uexp" 209
"../../../Engine/Content/EngineMaterials/RemoveSurfaceMaterial.uasset" 210
"../../../Engine/Content/EngineMaterials/RemoveSurfaceMaterial.uexp" 211
"C:/Users/Infor/Documents/Unreal Projects/PushPush/Content/TopDown/Input/Actions/IA_SetDestination_Touch.uasset" 212
"C:/Users/Infor/Documents/Unreal Projects/PushPush/Content/TopDown/Input/Actions/IA_SetDestination_Touch.uexp" 213
"C:/Users/Infor/Documents/Unreal Projects/PushPush/Content/TopDown/Input/Actions/IA_SetDestination_Click.uasset" 214
"C:/Users/Infor/Documents/Unreal Projects/PushPush/Content/TopDown/Input/Actions/IA_SetDestination_Click.uexp" 215
"../../../Engine/Plugins/FX/Niagara/Content/Enums/ENiagara_MassInitializationMode.uasset" 216
"../../../Engine/Plugins/FX/Niagara/Content/Enums/ENiagara_MassInitializationMode.uexp" 217
"../../../Engine/Plugins/FX/Niagara/Content/Enums/ENiagara_PositionInitializationMode.uasset" 218
"../../../Engine/Plugins/FX/Niagara/Content/Enums/ENiagara_PositionInitializationMode.uexp" 219
"../../../Engine/Plugins/FX/Niagara/Content/Icons/Modules/T_Icon_Solver_LimitSpeed.uasset" 220
"../../../Engine/Plugins/FX/Niagara/Content/Icons/Modules/T_Icon_Solver_LimitSpeed.uexp" 221
"../../../Engine/Plugins/FX/Niagara/Content/Icons/Modules/T_Icon_Solver_RotationalSolve.uasset" 222
"../../../Engine/Plugins/FX/Niagara/Content/Icons/Modules/T_Icon_Solver_RotationalSolve.uexp" 223
"../../../Engine/Plugins/FX/Niagara/Content/Icons/Modules/T_Icon_Solver_LimitAccel.uasset" 224
"../../../Engine/Plugins/FX/Niagara/Content/Icons/Modules/T_Icon_Solver_LimitAccel.uexp" 225
"../../../Engine/Plugins/FX/Niagara/Content/Enums/ENiagara_SizeScaleMode.uasset" 226
"../../../Engine/Plugins/FX/Niagara/Content/Enums/ENiagara_SizeScaleMode.uexp" 227
"../../../Engine/Plugins/FX/Niagara/Content/Enums/ENiagara_UVFlippingMode.uasset" 228
"../../../Engine/Plugins/FX/Niagara/Content/Enums/ENiagara_UVFlippingMode.uexp" 229
"C:/Users/Infor/Documents/Unreal Projects/PushPush/Content/Cursor/T_Arrow.uasset" 230
"C:/Users/Infor/Documents/Unreal Projects/PushPush/Content/Cursor/T_Arrow.uexp" 231
"../../../Engine/Content/Functions/Engine_MaterialFunctions02/Utility/BreakOutFloat2Components.uasset" 232
"../../../Engine/Content/Functions/Engine_MaterialFunctions02/Utility/BreakOutFloat2Components.uexp" 233
"C:/Users/Infor/Documents/Unreal Projects/PushPush/Content/Cursor/M_Cursor.uasset" 234
"C:/Users/Infor/Documents/Unreal Projects/PushPush/Content/Cursor/M_Cursor.uexp" 235
"C:/Users/Infor/Documents/Unreal Projects/PushPush/Content/Cursor/SM_CursorMesh.uasset" 236
"C:/Users/Infor/Documents/Unreal Projects/PushPush/Content/Cursor/SM_CursorMesh.uexp" 237
"../../../Engine/Plugins/FX/Niagara/Content/Enums/ENiagaraRandomnessMode.uasset" 238
"../../../Engine/Plugins/FX/Niagara/Content/Enums/ENiagaraRandomnessMode.uexp" 239
"../../../Engine/Plugins/FX/Niagara/Content/Enums/ENiagaraRandomnessEvaluation.uasset" 240
"../../../Engine/Plugins/FX/Niagara/Content/Enums/ENiagaraRandomnessEvaluation.uexp" 241
"../../../Engine/Plugins/FX/Niagara/Content/Enums/Ribbons/ENiagara_UnsetDirectSetRandom.uasset" 242
"../../../Engine/Plugins/FX/Niagara/Content/Enums/Ribbons/ENiagara_UnsetDirectSetRandom.uexp" 243
"../../../Engine/Plugins/FX/Niagara/Content/Enums/ENiagara_LifetimeMode.uasset" 244
"../../../Engine/Plugins/FX/Niagara/Content/Enums/ENiagara_LifetimeMode.uexp" 245
"../../../Engine/Plugins/FX/Niagara/Content/Enums/Ribbons/ENiagara_UnsetDirectSet.uasset" 246
"../../../Engine/Plugins/FX/Niagara/Content/Enums/Ribbons/ENiagara_UnsetDirectSet.uexp" 247
"../../../Engine/Plugins/FX/Niagara/Content/Enums/ENiagara_SpriteRotationMode.uasset" 248
"../../../Engine/Plugins/FX/Niagara/Content/Enums/ENiagara_SpriteRotationMode.uexp" 249
"../../../Engine/Plugins/FX/Niagara/Content/Enums/ENiagara_ColorInitializationMode.uasset" 250
"../../../Engine/Plugins/FX/Niagara/Content/Enums/ENiagara_ColorInitializationMode.uexp" 251
"../../../Engine/Plugins/FX/Niagara/Content/Enums/ENiagaraChannelCorrelation.uasset" 252
"../../../Engine/Plugins/FX/Niagara/Content/Enums/ENiagaraChannelCorrelation.uexp" 253
"../../../Engine/Plugins/FX/Niagara/Content/Enums/ENiagaraEmitterLifeCycleMode.uasset" 254
"../../../Engine/Plugins/FX/Niagara/Content/Enums/ENiagaraEmitterLifeCycleMode.uexp" 255
"../../../Engine/Plugins/FX/Niagara/Content/Enums/ENiagara_InfiniteLoopDuration.uasset" 256
"../../../Engine/Plugins/FX/Niagara/Content/Enums/ENiagara_InfiniteLoopDuration.uexp" 257
"../../../Engine/Plugins/FX/Niagara/Content/Enums/ENiagara_EmitterStateOptions.uasset" 258
"../../../Engine/Plugins/FX/Niagara/Content/Enums/ENiagara_EmitterStateOptions.uexp" 259
"../../../Engine/Plugins/FX/Niagara/Content/Enums/ENiagaraInactiveMode.uasset" 260
"../../../Engine/Plugins/FX/Niagara/Content/Enums/ENiagaraInactiveMode.uexp" 261
"../../../Engine/Plugins/FX/Niagara/Content/Enums/ENiagaraExecutionStateManagement.uasset" 262
"../../../Engine/Plugins/FX/Niagara/Content/Enums/ENiagaraExecutionStateManagement.uexp" 263
"../../../Engine/Plugins/FX/Niagara/Content/Enums/ENiagaraEmitterScalabilityMode_Limited.uasset" 264
"../../../Engine/Plugins/FX/Niagara/Content/Enums/ENiagaraEmitterScalabilityMode_Limited.uexp" 265
"../../../Engine/Plugins/FX/Niagara/Content/Enums/ENiagaraSystemInactiveMode.uasset" 266
"../../../Engine/Plugins/FX/Niagara/Content/Enums/ENiagaraSystemInactiveMode.uexp" 267
"../../../Engine/Plugins/FX/Niagara/Content/Icons/Modules/T_Icon_Particle_InfiniteLife.uasset" 268
"../../../Engine/Plugins/FX/Niagara/Content/Icons/Modules/T_Icon_Particle_InfiniteLife.uexp" 269
"C:/Users/Infor/Documents/Unreal Projects/PushPush/Content/Cursor/FX_Cursor.uasset" 270
"C:/Users/Infor/Documents/Unreal Projects/PushPush/Content/Cursor/FX_Cursor.uexp" 271
"C:/Users/Infor/Documents/Unreal Projects/PushPush/Content/TopDown/Input/IMC_Default.uasset" 272
"C:/Users/Infor/Documents/Unreal Projects/PushPush/Content/TopDown/Input/IMC_Default.uexp" 273
"C:/Users/Infor/Documents/Unreal Projects/PushPush/Content/TopDown/Blueprints/BP_TopDownPlayerController.uasset" 274
"C:/Users/Infor/Documents/Unreal Projects/PushPush/Content/TopDown/Blueprints/BP_TopDownPlayerController.uexp" 275
"../../../Engine/Content/EngineMaterials/DefaultCalibrationGrayscale.uasset" 276
"../../../Engine/Content/EngineMaterials/DefaultCalibrationGrayscale.uexp" 277
"../../../Engine/Content/EngineMaterials/PPM_DefaultCalibrationGrayscale.uasset" 278
"../../../Engine/Content/EngineMaterials/PPM_DefaultCalibrationGrayscale.uexp" 279
"../../../Engine/Content/EngineMaterials/DefaultCalibrationColor.uasset" 280
"../../../Engine/Content/EngineMaterials/DefaultCalibrationColor.uexp" 281
"../../../Engine/Content/EngineMaterials/PPM_DefaultCalibrationColor.uasset" 282
"../../../Engine/Content/EngineMaterials/PPM_DefaultCalibrationColor.uexp" 283
"../../../Engine/Content/Functions/Engine_MaterialFunctions02/WorldPositionOffset/CameraOffset.uasset" 284
"../../../Engine/Content/Functions/Engine_MaterialFunctions02/WorldPositionOffset/CameraOffset.uexp" 285
"../../../Engine/Content/EngineMaterials/PhAT_JointLimitMaterial.uasset" 286
"../../../Engine/Content/EngineMaterials/PhAT_JointLimitMaterial.uexp" 287
"../../../Engine/Content/EngineMaterials/InvalidLightmapSettings.ubulk" 288
"../../../Engine/Content/EngineMaterials/InvalidLightmapSettings.uasset" 289
"../../../Engine/Content/EngineMaterials/InvalidLightmapSettings.uexp" 290
"../../../Engine/Content/EngineMaterials/M_InvalidLightmapSettings.uasset" 291
"../../../Engine/Content/EngineMaterials/M_InvalidLightmapSettings.uexp" 292
"../../../Engine/Content/EngineMaterials/GizmoMaterial.uasset" 293
"../../../Engine/Content/EngineMaterials/GizmoMaterial.uexp" 294
"../../../Engine/Content/EngineMaterials/BaseFlattenEmissiveMap_VT.uasset" 295
"../../../Engine/Content/EngineMaterials/BaseFlattenEmissiveMap_VT.uexp" 296
"../../../Engine/Content/EngineMaterials/BaseFlattenGrayscaleMap_VT.uasset" 297
"../../../Engine/Content/EngineMaterials/BaseFlattenGrayscaleMap_VT.uexp" 298
"../../../Engine/Content/EngineMaterials/BaseFlattenLinearColor_VT.uasset" 299
"../../../Engine/Content/EngineMaterials/BaseFlattenLinearColor_VT.uexp" 300
"../../../Engine/Content/EngineMaterials/Black_1x1_EXR_Texture_VT.uasset" 301
"../../../Engine/Content/EngineMaterials/Black_1x1_EXR_Texture_VT.uexp" 302
"../../../Engine/Content/EngineMaterials/BaseFlattenDiffuseMap_VT.uasset" 303
"../../../Engine/Content/EngineMaterials/BaseFlattenDiffuseMap_VT.uexp" 304
"../../../Engine/Content/EngineMaterials/BaseFlattenNormalMap_VT.uasset" 305
"../../../Engine/Content/EngineMaterials/BaseFlattenNormalMap_VT.uexp" 306
"../../../Engine/Content/EngineMaterials/FlattenMaterial_WS_Normal_VT.uasset" 307
"../../../Engine/Content/EngineMaterials/FlattenMaterial_WS_Normal_VT.uexp" 308
"../../../Engine/Content/EngineMaterials/FlattenMaterial_VT.uasset" 309
"../../../Engine/Content/EngineMaterials/FlattenMaterial_VT.uexp" 310
"../../../Engine/Content/EngineMaterials/BaseFlattenNormalMap.uasset" 311
"../../../Engine/Content/EngineMaterials/BaseFlattenNormalMap.uexp" 312
"../../../Engine/Content/EngineMaterials/BaseFlattenGrayscaleMap.uasset" 313
"../../../Engine/Content/EngineMaterials/BaseFlattenGrayscaleMap.uexp" 314
"../../../Engine/Content/EngineMaterials/BaseFlattenDiffuseMap.uasset" 315
"../../../Engine/Content/EngineMaterials/BaseFlattenDiffuseMap.uexp" 316
"../../../Engine/Content/Functions/Engine_MaterialFunctions02/PivotPainter2/Black_1x1_EXR_Texture.uasset" 317
"../../../Engine/Content/Functions/Engine_MaterialFunctions02/PivotPainter2/Black_1x1_EXR_Texture.uexp" 318
"../../../Engine/Content/EngineMaterials/BaseFlattenEmissiveMap.uasset" 319
"../../../Engine/Content/EngineMaterials/BaseFlattenEmissiveMap.uexp" 320
"../../../Engine/Content/EngineMaterials/BaseFlattenLinearColor.uasset" 321
"../../../Engine/Content/EngineMaterials/BaseFlattenLinearColor.uexp" 322
"../../../Engine/Content/EngineMaterials/FlattenMaterial.uasset" 323
"../../../Engine/Content/EngineMaterials/FlattenMaterial.uexp" 324
"../../../Engine/Content/EngineMaterials/DefaultWhiteGrid_Low.uasset" 325
"../../../Engine/Content/EngineMaterials/DefaultWhiteGrid_Low.uexp" 326
"../../../Engine/Content/EngineMaterials/EmissiveMeshMaterial.uasset" 327
"../../../Engine/Content/EngineMaterials/EmissiveMeshMaterial.uexp" 328
"C:/Users/Infor/Documents/Unreal Projects/PushPush/Content/LevelPrototyping/Textures/T_GridChecker_A.ubulk" 329
"C:/Users/Infor/Documents/Unreal Projects/PushPush/Content/LevelPrototyping/Textures/T_GridChecker_A.uasset" 330
"C:/Users/Infor/Documents/Unreal Projects/PushPush/Content/LevelPrototyping/Textures/T_GridChecker_A.uexp" 331
"../../../Engine/Content/Functions/Engine_MaterialFunctions01/Gradient/LinearGradient.uasset" 332
"../../../Engine/Content/Functions/Engine_MaterialFunctions01/Gradient/LinearGradient.uexp" 333
"../../../Engine/Content/Functions/Engine_MaterialFunctions01/ImageAdjustment/CheapContrast.uasset" 334
"../../../Engine/Content/Functions/Engine_MaterialFunctions01/ImageAdjustment/CheapContrast.uexp" 335
"C:/Users/Infor/Documents/Unreal Projects/PushPush/Content/LevelPrototyping/Materials/MF_ProcGrid.uasset" 336
"C:/Users/Infor/Documents/Unreal Projects/PushPush/Content/LevelPrototyping/Materials/MF_ProcGrid.uexp" 337
"C:/Users/Infor/Documents/Unreal Projects/PushPush/Content/LevelPrototyping/Materials/M_PrototypeGrid.uasset" 338
"C:/Users/Infor/Documents/Unreal Projects/PushPush/Content/LevelPrototyping/Materials/M_PrototypeGrid.uexp" 339
"C:/Users/Infor/Documents/Unreal Projects/PushPush/Content/LevelPrototyping/Materials/MI_PrototypeGrid_Gray.uasset" 340
"C:/Users/Infor/Documents/Unreal Projects/PushPush/Content/LevelPrototyping/Materials/MI_PrototypeGrid_Gray.uexp" 341
"C:/Users/Infor/Documents/Unreal Projects/PushPush/Content/LevelPrototyping/Meshes/SM_Cube.uasset" 342
"C:/Users/Infor/Documents/Unreal Projects/PushPush/Content/LevelPrototyping/Meshes/SM_Cube.uexp" 343
"../../../Engine/Content/EngineFonts/RobotoDistanceField.uasset" 344
"../../../Engine/Content/EngineFonts/RobotoDistanceField.uexp" 345
"../../../Engine/Content/EngineMaterials/DefaultTextMaterialOpaque.uasset" 346
"../../../Engine/Content/EngineMaterials/DefaultTextMaterialOpaque.uexp" 347
"../../../Engine/Content/EngineMaterials/DefaultDiffuse.ubulk" 348
"../../../Engine/Content/EngineMaterials/DefaultDiffuse.uasset" 349
"../../../Engine/Content/EngineMaterials/DefaultDiffuse.uexp" 350
"../../../Engine/Content/EngineMaterials/DefaultPostProcessMaterial.uasset" 351
"../../../Engine/Content/EngineMaterials/DefaultPostProcessMaterial.uexp" 352
"../../../Engine/Content/EngineMaterials/DefaultPhysicalMaterial.uasset" 353
"../../../Engine/Content/EngineMaterials/DefaultPhysicalMaterial.uexp" 354
"../../../Engine/Content/EngineMaterials/DefaultLightFunctionMaterial.uasset" 355
"../../../Engine/Content/EngineMaterials/DefaultLightFunctionMaterial.uexp" 356
"../../../Engine/Content/EngineMaterials/DefaultDestructiblePhysicalMaterial.uasset" 357
"../../../Engine/Content/EngineMaterials/DefaultDestructiblePhysicalMaterial.uexp" 358
"../../../Engine/Content/EngineMaterials/DefaultDeferredDecalMaterial.uasset" 359
"../../../Engine/Content/EngineMaterials/DefaultDeferredDecalMaterial.uexp" 360
"../../../Engine/Content/EngineMaterials/DefaultBloomKernel.uasset" 361
"../../../Engine/Content/EngineMaterials/DefaultBloomKernel.uexp" 362
"../../../Engine/Content/EngineResources/FilmGrains/Marcie_Grain_v3_128_M2_000.uasset" 363
"../../../Engine/Content/EngineResources/FilmGrains/Marcie_Grain_v3_128_M2_000.uexp" 364
"../../../Engine/Content/EngineSky/T_Sky_Stars.ubulk" 365
"../../../Engine/Content/EngineSky/T_Sky_Stars.uasset" 366
"../../../Engine/Content/EngineSky/T_Sky_Stars.uexp" 367
"../../../Engine/Content/EngineSky/T_Sky_Clouds_M.ubulk" 368
"../../../Engine/Content/EngineSky/T_Sky_Clouds_M.uasset" 369
"../../../Engine/Content/EngineSky/T_Sky_Clouds_M.uexp" 370
"../../../Engine/Content/EngineSky/T_Sky_Blue.ubulk" 371
"../../../Engine/Content/EngineSky/T_Sky_Blue.uasset" 372
"../../../Engine/Content/EngineSky/T_Sky_Blue.uexp" 373
"../../../Engine/Content/EngineSky/M_Sky_Panning_Clouds2.uasset" 374
"../../../Engine/Content/EngineSky/M_Sky_Panning_Clouds2.uexp" 375
"../../../Engine/Content/EngineSky/SM_SkySphere.uasset" 376
"../../../Engine/Content/EngineSky/SM_SkySphere.uexp" 377
"../../../Engine/Content/EngineSky/M_SimpleSkyDome.uasset" 378
"../../../Engine/Content/EngineSky/M_SimpleSkyDome.uexp" 379
"../../../Engine/Content/EngineSky/VolumetricClouds/CloudWeatherTexture.uasset" 380
"../../../Engine/Content/EngineSky/VolumetricClouds/CloudWeatherTexture.uexp" 381
"../../../Engine/Content/Functions/Engine_MaterialFunctions02/Utility/MakeFloat2.uasset" 382
"../../../Engine/Content/Functions/Engine_MaterialFunctions02/Utility/MakeFloat2.uexp" 383
"../../../Engine/Content/EngineSky/VolumetricClouds/CloudGradientTexture.uasset" 384
"../../../Engine/Content/EngineSky/VolumetricClouds/CloudGradientTexture.uexp" 385
"../../../Engine/Content/EngineSky/VolumetricClouds/T_NoiseShape64.ubulk" 386
"../../../Engine/Content/EngineSky/VolumetricClouds/T_NoiseShape64.uasset" 387
"../../../Engine/Content/EngineSky/VolumetricClouds/T_NoiseShape64.uexp" 388
"../../../Engine/Content/EngineSky/VolumetricClouds/T_VolumeNoiseShape64.uasset" 389
"../../../Engine/Content/EngineSky/VolumetricClouds/T_VolumeNoiseShape64.uexp" 390
"../../../Engine/Content/EngineSky/VolumetricClouds/T_NoiseErosion.ubulk" 391
"../../../Engine/Content/EngineSky/VolumetricClouds/T_NoiseErosion.uasset" 392
"../../../Engine/Content/EngineSky/VolumetricClouds/T_NoiseErosion.uexp" 393
"../../../Engine/Content/EngineSky/VolumetricClouds/T_VolumeNoiseErosion32.uasset" 394
"../../../Engine/Content/EngineSky/VolumetricClouds/T_VolumeNoiseErosion32.uexp" 395
"../../../Engine/Content/EngineSky/VolumetricClouds/m_SimpleVolumetricCloud.uasset" 396
"../../../Engine/Content/EngineSky/VolumetricClouds/m_SimpleVolumetricCloud.uexp" 397
"../../../Engine/Content/EngineSky/VolumetricClouds/m_SimpleVolumetricCloud_Inst.uasset" 398
"../../../Engine/Content/EngineSky/VolumetricClouds/m_SimpleVolumetricCloud_Inst.uexp" 399
"../../../Engine/Content/EngineSounds/Master.uasset" 400
"../../../Engine/Content/EngineSounds/Master.uexp" 401
"../../../Engine/Content/Functions/Engine_MaterialFunctions01/Shading/PowerToRoughness.uasset" 402
"../../../Engine/Content/Functions/Engine_MaterialFunctions01/Shading/PowerToRoughness.uexp" 403
"../../../Engine/Content/Maps/Templates/HLODs/HLODLayer_Merged.uasset" 404
"../../../Engine/Content/Maps/Templates/HLODs/HLODLayer_Merged.uexp" 405
"../../../Engine/Plugins/2D/Paper2D/Content/PlaceholderTextures/DummySpriteTexture.ubulk" 406
"../../../Engine/Plugins/2D/Paper2D/Content/PlaceholderTextures/DummySpriteTexture.uasset" 407
"../../../Engine/Plugins/2D/Paper2D/Content/PlaceholderTextures/DummySpriteTexture.uexp" 408
"../../../Engine/Plugins/2D/Paper2D/Content/DefaultSpriteMaterial.uasset" 409
"../../../Engine/Plugins/2D/Paper2D/Content/DefaultSpriteMaterial.uexp" 410
"../../../Engine/Plugins/2D/Paper2D/Content/OpaqueUnlitSpriteMaterial.uasset" 411
"../../../Engine/Plugins/2D/Paper2D/Content/OpaqueUnlitSpriteMaterial.uexp" 412
"../../../Engine/Plugins/2D/Paper2D/Content/MaskedUnlitSpriteMaterial.uasset" 413
"../../../Engine/Plugins/2D/Paper2D/Content/MaskedUnlitSpriteMaterial.uexp" 414
"../../../Engine/Plugins/2D/Paper2D/Content/DummySprite.uasset" 415
"../../../Engine/Plugins/2D/Paper2D/Content/DummySprite.uexp" 416
"../../../Engine/Plugins/2D/Paper2D/Content/DefaultPaperTerrainMaterial.uasset" 417
"../../../Engine/Plugins/2D/Paper2D/Content/DefaultPaperTerrainMaterial.uexp" 418
"../../../Engine/Plugins/Animation/ControlRig/Content/M_Manip.uasset" 419
"../../../Engine/Plugins/Animation/ControlRig/Content/M_Manip.uexp" 420
"../../../Engine/Plugins/Animation/ControlRig/Content/Controls/ControlRig_Wedge_solid.uasset" 421
"../../../Engine/Plugins/Animation/ControlRig/Content/Controls/ControlRig_Wedge_solid.uexp" 422
"../../../Engine/Plugins/Animation/ControlRig/Content/Controls/ControlRig_Wedge_3mm.uasset" 423
"../../../Engine/Plugins/Animation/ControlRig/Content/Controls/ControlRig_Wedge_3mm.uexp" 424
"../../../Engine/Plugins/Animation/ControlRig/Content/Controls/ControlRig_Wedge_1mm.uasset" 425
"../../../Engine/Plugins/Animation/ControlRig/Content/Controls/ControlRig_Wedge_1mm.uexp" 426
"../../../Engine/Plugins/Animation/ControlRig/Content/Controls/ControlRig_Triangle_solid.uasset" 427
"../../../Engine/Plugins/Animation/ControlRig/Content/Controls/ControlRig_Triangle_solid.uexp" 428
"../../../Engine/Plugins/Animation/ControlRig/Content/Controls/ControlRig_Triangle_3mm.uasset" 429
"../../../Engine/Plugins/Animation/ControlRig/Content/Controls/ControlRig_Triangle_3mm.uexp" 430
"../../../Engine/Plugins/Animation/ControlRig/Content/Controls/ControlRig_Triangle_1mm.uasset" 431
"../../../Engine/Plugins/Animation/ControlRig/Content/Controls/ControlRig_Triangle_1mm.uexp" 432
"../../../Engine/Plugins/Animation/ControlRig/Content/Controls/ControlRig_Star4_solid.uasset" 433
"../../../Engine/Plugins/Animation/ControlRig/Content/Controls/ControlRig_Star4_solid.uexp" 434
"../../../Engine/Plugins/Animation/ControlRig/Content/Controls/ControlRig_Star4_3mm.uasset" 435
"../../../Engine/Plugins/Animation/ControlRig/Content/Controls/ControlRig_Star4_3mm.uexp" 436
"../../../Engine/Plugins/Animation/ControlRig/Content/Controls/ControlRig_Star4_1mm.uasset" 437
"../../../Engine/Plugins/Animation/ControlRig/Content/Controls/ControlRig_Star4_1mm.uexp" 438
"../../../Engine/Plugins/Animation/ControlRig/Content/Controls/ControlRig_Square_solid.uasset" 439
"../../../Engine/Plugins/Animation/ControlRig/Content/Controls/ControlRig_Square_solid.uexp" 440
"../../../Engine/Plugins/Animation/ControlRig/Content/Controls/ControlRig_Square_3mm.uasset" 441
"../../../Engine/Plugins/Animation/ControlRig/Content/Controls/ControlRig_Square_3mm.uexp" 442
"../../../Engine/Plugins/Animation/ControlRig/Content/Controls/ControlRig_Square_1mm.uasset" 443
"../../../Engine/Plugins/Animation/ControlRig/Content/Controls/ControlRig_Square_1mm.uexp" 444
"../../../Engine/Plugins/Animation/ControlRig/Content/Controls/ControlRig_Sphere_solid.uasset" 445
"../../../Engine/Plugins/Animation/ControlRig/Content/Controls/ControlRig_Sphere_solid.uexp" 446
"../../../Engine/Plugins/Animation/ControlRig/Content/Controls/ControlRig_Sphere_3mm.uasset" 447
"../../../Engine/Plugins/Animation/ControlRig/Content/Controls/ControlRig_Sphere_3mm.uexp" 448
"../../../Engine/Plugins/Animation/ControlRig/Content/Controls/ControlRig_Sphere_1mm.uasset" 449
"../../../Engine/Plugins/Animation/ControlRig/Content/Controls/ControlRig_Sphere_1mm.uexp" 450
"../../../Engine/Plugins/Animation/ControlRig/Content/Controls/ControlRig_RoundedTriangle_solid.uasset" 451
"../../../Engine/Plugins/Animation/ControlRig/Content/Controls/ControlRig_RoundedTriangle_solid.uexp" 452
"../../../Engine/Plugins/Animation/ControlRig/Content/Controls/ControlRig_RoundedTriangle_3mm.uasset" 453
"../../../Engine/Plugins/Animation/ControlRig/Content/Controls/ControlRig_RoundedTriangle_3mm.uexp" 454
"../../../Engine/Plugins/Animation/ControlRig/Content/Controls/ControlRig_RoundedTriangle_1mm.uasset" 455
"../../../Engine/Plugins/Animation/ControlRig/Content/Controls/ControlRig_RoundedTriangle_1mm.uexp" 456
"../../../Engine/Plugins/Animation/ControlRig/Content/Controls/ControlRig_RoundedSquare_solid.uasset" 457
"../../../Engine/Plugins/Animation/ControlRig/Content/Controls/ControlRig_RoundedSquare_solid.uexp" 458
"../../../Engine/Plugins/Animation/ControlRig/Content/Controls/ControlRig_RoundedSquare_3mm.uasset" 459
"../../../Engine/Plugins/Animation/ControlRig/Content/Controls/ControlRig_RoundedSquare_3mm.uexp" 460
"../../../Engine/Plugins/Animation/ControlRig/Content/Controls/ControlRig_RoundedSquare_1mm.uasset" 461
"../../../Engine/Plugins/Animation/ControlRig/Content/Controls/ControlRig_RoundedSquare_1mm.uexp" 462
"../../../Engine/Plugins/Animation/ControlRig/Content/Controls/ControlRig_QuarterCircle_solid.uasset" 463
"../../../Engine/Plugins/Animation/ControlRig/Content/Controls/ControlRig_QuarterCircle_solid.uexp" 464
"../../../Engine/Plugins/Animation/ControlRig/Content/Controls/ControlRig_QuarterCircle_3mm.uasset" 465
"../../../Engine/Plugins/Animation/ControlRig/Content/Controls/ControlRig_QuarterCircle_3mm.uexp" 466
"../../../Engine/Plugins/Animation/ControlRig/Content/Controls/ControlRig_QuarterCircle_1mm.uasset" 467
"../../../Engine/Plugins/Animation/ControlRig/Content/Controls/ControlRig_QuarterCircle_1mm.uexp" 468
"../../../Engine/Plugins/Animation/ControlRig/Content/Controls/ControlRig_Pyramid_solid.uasset" 469
"../../../Engine/Plugins/Animation/ControlRig/Content/Controls/ControlRig_Pyramid_solid.uexp" 470
"../../../Engine/Plugins/Animation/ControlRig/Content/Controls/ControlRig_Pyramid_3mm.uasset" 471
"../../../Engine/Plugins/Animation/ControlRig/Content/Controls/ControlRig_Pyramid_3mm.uexp" 472
"../../../Engine/Plugins/Animation/ControlRig/Content/Controls/ControlRig_Pyramid_1mm.uasset" 473
"../../../Engine/Plugins/Animation/ControlRig/Content/Controls/ControlRig_Pyramid_1mm.uexp" 474
"../../../Engine/Plugins/Animation/ControlRig/Content/Controls/ControlRig_Octagon_solid.uasset" 475
"../../../Engine/Plugins/Animation/ControlRig/Content/Controls/ControlRig_Octagon_solid.uexp" 476
"../../../Engine/Plugins/Animation/ControlRig/Content/Controls/ControlRig_Octagon_3mm.uasset" 477
"../../../Engine/Plugins/Animation/ControlRig/Content/Controls/ControlRig_Octagon_3mm.uexp" 478
"../../../Engine/Plugins/Animation/ControlRig/Content/Controls/ControlRig_Octagon_1mm.uasset" 479
"../../../Engine/Plugins/Animation/ControlRig/Content/Controls/ControlRig_Octagon_1mm.uexp" 480
"../../../Engine/Plugins/Animation/ControlRig/Content/Controls/ControlRig_Hexagon_solid.uasset" 481
"../../../Engine/Plugins/Animation/ControlRig/Content/Controls/ControlRig_Hexagon_solid.uexp" 482
"../../../Engine/Plugins/Animation/ControlRig/Content/Controls/ControlRig_Hexagon_3mm.uasset" 483
"../../../Engine/Plugins/Animation/ControlRig/Content/Controls/ControlRig_Hexagon_3mm.uexp" 484
"../../../Engine/Plugins/Animation/ControlRig/Content/Controls/ControlRig_Hexagon_1mm.uasset" 485
"../../../Engine/Plugins/Animation/ControlRig/Content/Controls/ControlRig_Hexagon_1mm.uexp" 486
"../../../Engine/Plugins/Animation/ControlRig/Content/Controls/ControlRig_HalfCircle_solid.uasset" 487
"../../../Engine/Plugins/Animation/ControlRig/Content/Controls/ControlRig_HalfCircle_solid.uexp" 488
"../../../Engine/Plugins/Animation/ControlRig/Content/Controls/ControlRig_HalfCircle_3mm.uasset" 489
"../../../Engine/Plugins/Animation/ControlRig/Content/Controls/ControlRig_HalfCircle_3mm.uexp" 490
"../../../Engine/Plugins/Animation/ControlRig/Content/Controls/ControlRig_HalfCircle_1mm.uasset" 491
"../../../Engine/Plugins/Animation/ControlRig/Content/Controls/ControlRig_HalfCircle_1mm.uexp" 492
"../../../Engine/Plugins/Animation/ControlRig/Content/Controls/ControlRig_Diamond_solid.uasset" 493
"../../../Engine/Plugins/Animation/ControlRig/Content/Controls/ControlRig_Diamond_solid.uexp" 494
"../../../Engine/Plugins/Animation/ControlRig/Content/Controls/ControlRig_Diamond_3mm.uasset" 495
"../../../Engine/Plugins/Animation/ControlRig/Content/Controls/ControlRig_Diamond_3mm.uexp" 496
"../../../Engine/Plugins/Animation/ControlRig/Content/Controls/ControlRig_Diamond_1mm.uasset" 497
"../../../Engine/Plugins/Animation/ControlRig/Content/Controls/ControlRig_Diamond_1mm.uexp" 498
"../../../Engine/Plugins/Animation/ControlRig/Content/Controls/ControlRig_Circle_solid.uasset" 499
"../../../Engine/Plugins/Animation/ControlRig/Content/Controls/ControlRig_Circle_solid.uexp" 500
"../../../Engine/Plugins/Animation/ControlRig/Content/Controls/ControlRig_Circle_3mm.uasset" 501
"../../../Engine/Plugins/Animation/ControlRig/Content/Controls/ControlRig_Circle_3mm.uexp" 502
"../../../Engine/Plugins/Animation/ControlRig/Content/Controls/ControlRig_Circle_1mm.uasset" 503
"../../../Engine/Plugins/Animation/ControlRig/Content/Controls/ControlRig_Circle_1mm.uexp" 504
"../../../Engine/Plugins/Animation/ControlRig/Content/Controls/ControlRig_Box_solid.uasset" 505
"../../../Engine/Plugins/Animation/ControlRig/Content/Controls/ControlRig_Box_solid.uexp" 506
"../../../Engine/Plugins/Animation/ControlRig/Content/Controls/ControlRig_Box_3mm.uasset" 507
"../../../Engine/Plugins/Animation/ControlRig/Content/Controls/ControlRig_Box_3mm.uexp" 508
"../../../Engine/Plugins/Animation/ControlRig/Content/Controls/ControlRig_Box_1mm.uasset" 509
"../../../Engine/Plugins/Animation/ControlRig/Content/Controls/ControlRig_Box_1mm.uexp" 510
"../../../Engine/Plugins/Animation/ControlRig/Content/Controls/ControlRig_Arrow_solid.uasset" 511
"../../../Engine/Plugins/Animation/ControlRig/Content/Controls/ControlRig_Arrow_solid.uexp" 512
"../../../Engine/Plugins/Animation/ControlRig/Content/Controls/ControlRig_Arrow_3mm.uasset" 513
"../../../Engine/Plugins/Animation/ControlRig/Content/Controls/ControlRig_Arrow_3mm.uexp" 514
"../../../Engine/Plugins/Animation/ControlRig/Content/Controls/ControlRig_Arrow_1mm.uasset" 515
"../../../Engine/Plugins/Animation/ControlRig/Content/Controls/ControlRig_Arrow_1mm.uexp" 516
"../../../Engine/Plugins/Animation/ControlRig/Content/Controls/ControlRig_Arrow4_solid.uasset" 517
"../../../Engine/Plugins/Animation/ControlRig/Content/Controls/ControlRig_Arrow4_solid.uexp" 518
"../../../Engine/Plugins/Animation/ControlRig/Content/Controls/ControlRig_Arrow4_3mm.uasset" 519
"../../../Engine/Plugins/Animation/ControlRig/Content/Controls/ControlRig_Arrow4_3mm.uexp" 520
"../../../Engine/Plugins/Animation/ControlRig/Content/Controls/ControlRig_Arrow4_1mm.uasset" 521
"../../../Engine/Plugins/Animation/ControlRig/Content/Controls/ControlRig_Arrow4_1mm.uexp" 522
"../../../Engine/Plugins/Animation/ControlRig/Content/Controls/ControlRig_Arrow2_solid.uasset" 523
"../../../Engine/Plugins/Animation/ControlRig/Content/Controls/ControlRig_Arrow2_solid.uexp" 524
"../../../Engine/Plugins/Animation/ControlRig/Content/Controls/ControlRig_Arrow2_3mm.uasset" 525
"../../../Engine/Plugins/Animation/ControlRig/Content/Controls/ControlRig_Arrow2_3mm.uexp" 526
"../../../Engine/Plugins/Animation/ControlRig/Content/Controls/ControlRig_Arrow2_1mm.uasset" 527
"../../../Engine/Plugins/Animation/ControlRig/Content/Controls/ControlRig_Arrow2_1mm.uexp" 528
"../../../Engine/Plugins/Animation/ControlRig/Content/Controls/ControlRigXRayMaterial.uasset" 529
"../../../Engine/Plugins/Animation/ControlRig/Content/Controls/ControlRigXRayMaterial.uexp" 530
"../../../Engine/Plugins/Animation/ControlRig/Content/Controls/ControlRigGizmoMaterial.uasset" 531
"../../../Engine/Plugins/Animation/ControlRig/Content/Controls/ControlRigGizmoMaterial.uexp" 532
"../../../Engine/Plugins/Editor/SpeedTreeImporter/Content/SpeedTree9/game_wind_noise.ubulk" 533
"../../../Engine/Plugins/Editor/SpeedTreeImporter/Content/SpeedTree9/game_wind_noise.uasset" 534
"../../../Engine/Plugins/Editor/SpeedTreeImporter/Content/SpeedTree9/game_wind_noise.uexp" 535
"../../../Engine/Plugins/Editor/SpeedTreeImporter/Content/SpeedTree9/UnpackDirection.uasset" 536
"../../../Engine/Plugins/Editor/SpeedTreeImporter/Content/SpeedTree9/UnpackDirection.uexp" 537
"../../../Engine/Content/Functions/Engine_MaterialFunctions02/ObjectLocalBounds.uasset" 538
"../../../Engine/Content/Functions/Engine_MaterialFunctions02/ObjectLocalBounds.uexp" 539
"../../../Engine/Content/Functions/Engine_MaterialFunctions02/UVs/BoundingBoxBased_0-1_UVW.uasset" 540
"../../../Engine/Content/Functions/Engine_MaterialFunctions02/UVs/BoundingBoxBased_0-1_UVW.uexp" 541
"../../../Engine/Content/Functions/Engine_MaterialFunctions02/Utility/VectorLength.uasset" 542
"../../../Engine/Content/Functions/Engine_MaterialFunctions02/Utility/VectorLength.uexp" 543
"../../../Engine/Plugins/Editor/SpeedTreeImporter/Content/SpeedTree9/UnpackInteger3.uasset" 544
"../../../Engine/Plugins/Editor/SpeedTreeImporter/Content/SpeedTree9/UnpackInteger3.uexp" 545
"../../../Engine/Plugins/Editor/SpeedTreeImporter/Content/SpeedTree9/SpeedTreeCameraFacing.uasset" 546
"../../../Engine/Plugins/Editor/SpeedTreeImporter/Content/SpeedTree9/SpeedTreeCameraFacing.uexp" 547
"../../../Engine/Content/Functions/Engine_MaterialFunctions02/WorldPositionOffset/ObjectScale.uasset" 548
"../../../Engine/Content/Functions/Engine_MaterialFunctions02/WorldPositionOffset/ObjectScale.uexp" 549
"../../../Engine/Content/Functions/Engine_MaterialFunctions02/SafeNormalize.uasset" 550
"../../../Engine/Content/Functions/Engine_MaterialFunctions02/SafeNormalize.uexp" 551
"../../../Engine/Plugins/Editor/SpeedTreeImporter/Content/SpeedTree9/SpeedTreeWindMotion.uasset" 552
"../../../Engine/Plugins/Editor/SpeedTreeImporter/Content/SpeedTree9/SpeedTreeWindMotion.uexp" 553
"../../../Engine/Plugins/Editor/SpeedTreeImporter/Content/SpeedTree9/SpeedTreeBranchMotion.uasset" 554
"../../../Engine/Plugins/Editor/SpeedTreeImporter/Content/SpeedTree9/SpeedTreeBranchMotion.uexp" 555
"../../../Engine/Plugins/Editor/SpeedTreeImporter/Content/SpeedTree9/SpeedTreeWind.uasset" 556
"../../../Engine/Plugins/Editor/SpeedTreeImporter/Content/SpeedTree9/SpeedTreeWind.uexp" 557
"../../../Engine/Plugins/Editor/SpeedTreeImporter/Content/SpeedTree9/EmptyNormal.uasset" 558
"../../../Engine/Plugins/Editor/SpeedTreeImporter/Content/SpeedTree9/EmptyNormal.uexp" 559
"../../../Engine/Plugins/Editor/SpeedTreeImporter/Content/SpeedTree9/Empty.uasset" 560
"../../../Engine/Plugins/Editor/SpeedTreeImporter/Content/SpeedTree9/Empty.uexp" 561
"../../../Engine/Plugins/Editor/SpeedTreeImporter/Content/SpeedTree9/SpeedTreeMaster.uasset" 562
"../../../Engine/Plugins/Editor/SpeedTreeImporter/Content/SpeedTree9/SpeedTreeMaster.uexp" 563
"../../../Engine/Plugins/Editor/SpeedTreeImporter/Content/SpeedTree9/SpeedTreeBillboard.uasset" 564
"../../../Engine/Plugins/Editor/SpeedTreeImporter/Content/SpeedTree9/SpeedTreeBillboard.uexp" 565
"../../../Engine/Plugins/Editor/SpeedTreeImporter/Content/SpeedTree9/SpeedTreeBillboardMaster.uasset" 566
"../../../Engine/Plugins/Editor/SpeedTreeImporter/Content/SpeedTree9/SpeedTreeBillboardMaster.uexp" 567
"../../../Engine/Content/Functions/Engine_MaterialFunctions02/Texturing/CustomRotator.uasset" 568
"../../../Engine/Content/Functions/Engine_MaterialFunctions02/Texturing/CustomRotator.uexp" 569
"../../../Engine/Content/Functions/Engine_MaterialFunctions02/Texturing/ScreenAlignedPixelToPixelUVs.uasset" 570
"../../../Engine/Content/Functions/Engine_MaterialFunctions02/Texturing/ScreenAlignedPixelToPixelUVs.uexp" 571
"../../../Engine/Plugins/Interchange/Runtime/Content/Utilities/T_Bayer64_Grayscale_64px.uasset" 572
"../../../Engine/Plugins/Interchange/Runtime/Content/Utilities/T_Bayer64_Grayscale_64px.uexp" 573
"../../../Engine/Plugins/Interchange/Runtime/Content/gltf/MaterialFunctions/MF_Temporal_Blur.uasset" 574
"../../../Engine/Plugins/Interchange/Runtime/Content/gltf/MaterialFunctions/MF_Temporal_Blur.uexp" 575
"../../../Engine/Plugins/Interchange/Runtime/Content/gltf/MaterialFunctions/MF_Fresnel_DS.uasset" 576
"../../../Engine/Plugins/Interchange/Runtime/Content/gltf/MaterialFunctions/MF_Fresnel_DS.uexp" 577
"../../../Engine/Plugins/Interchange/Runtime/Content/Functions/MX_Transmission.uasset" 578
"../../../Engine/Plugins/Interchange/Runtime/Content/Functions/MX_Transmission.uexp" 579
"../../../Engine/Plugins/Interchange/Runtime/Content/Functions/MF_OrenNayerView.uasset" 580
"../../../Engine/Plugins/Interchange/Runtime/Content/Functions/MF_OrenNayerView.uexp" 581
"../../../Engine/Plugins/Interchange/Runtime/Content/Functions/MF_SchlickApprox.uasset" 582
"../../../Engine/Plugins/Interchange/Runtime/Content/Functions/MF_SchlickApprox.uexp" 583
"../../../Engine/Plugins/Interchange/Runtime/Content/Utilities/New_LUT.uasset" 584
"../../../Engine/Plugins/Interchange/Runtime/Content/Utilities/New_LUT.uexp" 585
"../../../Engine/Content/Functions/Engine_MaterialFunctions03/Math/RemapValueRange.uasset" 586
"../../../Engine/Content/Functions/Engine_MaterialFunctions03/Math/RemapValueRange.uexp" 587
"../../../Engine/Plugins/Interchange/Runtime/Content/Functions/MF_Iridescence.uasset" 588
"../../../Engine/Plugins/Interchange/Runtime/Content/Functions/MF_Iridescence.uexp" 589
"../../../Engine/Plugins/Interchange/Runtime/Content/Functions/MX_StandardSurface.uasset" 590
"../../../Engine/Plugins/Interchange/Runtime/Content/Functions/MX_StandardSurface.uexp" 591
"../../../Engine/Plugins/Interchange/Runtime/Content/Functions/MX_TransmissionSurface.uasset" 592
"../../../Engine/Plugins/Interchange/Runtime/Content/Functions/MX_TransmissionSurface.uexp" 593
"../../../Engine/Content/Functions/Engine_MaterialFunctions02/Math/AddComponents.uasset" 594
"../../../Engine/Content/Functions/Engine_MaterialFunctions02/Math/AddComponents.uexp" 595
"../../../Engine/Content/Functions/Engine_MaterialFunctions02/WorldPositionOffset/V2/ObjectScale.uasset" 596
"../../../Engine/Content/Functions/Engine_MaterialFunctions02/WorldPositionOffset/V2/ObjectScale.uexp" 597
"../../../Engine/Plugins/Interchange/Runtime/Content/gltf/MaterialFunctions/MF_TransmissionOpacity.uasset" 598
"../../../Engine/Plugins/Interchange/Runtime/Content/gltf/MaterialFunctions/MF_TransmissionOpacity.uexp" 599
"../../../Engine/Plugins/Interchange/Runtime/Content/gltf/MaterialFunctions/MF_RotateV2.uasset" 600
"../../../Engine/Plugins/Interchange/Runtime/Content/gltf/MaterialFunctions/MF_RotateV2.uexp" 601
"../../../Engine/Plugins/Interchange/Runtime/Content/gltf/MaterialFunctions/MF_TransformUVs.uasset" 602
"../../../Engine/Plugins/Interchange/Runtime/Content/gltf/MaterialFunctions/MF_TransformUVs.uexp" 603
"../../../Engine/Plugins/Interchange/Runtime/Content/gltf/Textures/T_White_srgb.uasset" 604
"../../../Engine/Plugins/Interchange/Runtime/Content/gltf/Textures/T_White_srgb.uexp" 605
"../../../Engine/Plugins/Interchange/Runtime/Content/gltf/MaterialFunctions/MF_BaseColor.uasset" 606
"../../../Engine/Plugins/Interchange/Runtime/Content/gltf/MaterialFunctions/MF_BaseColor.uexp" 607
"../../../Engine/Plugins/Interchange/Runtime/Content/gltf/MaterialFunctions/MF_DiffuseSpecGloss.uasset" 608
"../../../Engine/Plugins/Interchange/Runtime/Content/gltf/MaterialFunctions/MF_DiffuseSpecGloss.uexp" 609
"../../../Engine/Plugins/Interchange/Runtime/Content/gltf/Textures/T_White_Linear.uasset" 610
"../../../Engine/Plugins/Interchange/Runtime/Content/gltf/Textures/T_White_Linear.uexp" 611
"../../../Engine/Plugins/Interchange/Runtime/Content/gltf/MaterialFunctions/MF_MetallicRoughness.uasset" 612
"../../../Engine/Plugins/Interchange/Runtime/Content/gltf/MaterialFunctions/MF_MetallicRoughness.uexp" 613
"../../../Engine/Plugins/Interchange/Runtime/Content/gltf/MaterialFunctions/MF_Transmission.uasset" 614
"../../../Engine/Plugins/Interchange/Runtime/Content/gltf/MaterialFunctions/MF_Transmission.uexp" 615
"../../../Engine/Plugins/Interchange/Runtime/Content/gltf/MaterialFunctions/MF_Occlusion.uasset" 616
"../../../Engine/Plugins/Interchange/Runtime/Content/gltf/MaterialFunctions/MF_Occlusion.uexp" 617
"../../../Engine/Plugins/Interchange/Runtime/Content/gltf/MaterialFunctions/MF_Specular.uasset" 618
"../../../Engine/Plugins/Interchange/Runtime/Content/gltf/MaterialFunctions/MF_Specular.uexp" 619
"../../../Engine/Plugins/Interchange/Runtime/Content/gltf/MaterialFunctions/MF_IOR.uasset" 620
"../../../Engine/Plugins/Interchange/Runtime/Content/gltf/MaterialFunctions/MF_IOR.uexp" 621
"../../../Engine/Content/Functions/Engine_MaterialFunctions01/Texturing/FlattenNormal.uasset" 622
"../../../Engine/Content/Functions/Engine_MaterialFunctions01/Texturing/FlattenNormal.uexp" 623
"../../../Engine/Content/Functions/Engine_MaterialFunctions02/Math/Transform3x3Matrix.uasset" 624
"../../../Engine/Content/Functions/Engine_MaterialFunctions02/Math/Transform3x3Matrix.uexp" 625
"../../../Engine/Plugins/Interchange/Runtime/Content/gltf/MaterialFunctions/MF_RotateNormals_TS.uasset" 626
"../../../Engine/Plugins/Interchange/Runtime/Content/gltf/MaterialFunctions/MF_RotateNormals_TS.uexp" 627
"../../../Engine/Plugins/Interchange/Runtime/Content/gltf/Textures/T_Generic_N.uasset" 628
"../../../Engine/Plugins/Interchange/Runtime/Content/gltf/Textures/T_Generic_N.uexp" 629
"../../../Engine/Plugins/Interchange/Runtime/Content/gltf/MaterialFunctions/MF_Normals.uasset" 630
"../../../Engine/Plugins/Interchange/Runtime/Content/gltf/MaterialFunctions/MF_Normals.uexp" 631
"../../../Engine/Plugins/Interchange/Runtime/Content/gltf/MaterialFunctions/MF_PerceivedBrightness.uasset" 632
"../../../Engine/Plugins/Interchange/Runtime/Content/gltf/MaterialFunctions/MF_PerceivedBrightness.uexp" 633
"../../../Engine/Plugins/Interchange/Runtime/Content/gltf/MaterialFunctions/MF_SpecGlossToMetalRoughness.uasset" 634
"../../../Engine/Plugins/Interchange/Runtime/Content/gltf/MaterialFunctions/MF_SpecGlossToMetalRoughness.uexp" 635
"../../../Engine/Plugins/Interchange/Runtime/Content/gltf/M_Transmission.uasset" 636
"../../../Engine/Plugins/Interchange/Runtime/Content/gltf/M_Transmission.uexp" 637
"../../../Engine/Plugins/Interchange/Runtime/Content/gltf/MaterialInstances_MR/MI_Transmission_TS.uasset" 638
"../../../Engine/Plugins/Interchange/Runtime/Content/gltf/MaterialInstances_MR/MI_Transmission_TS.uexp" 639
"../../../Engine/Plugins/Interchange/Runtime/Content/gltf/MaterialInstances_MR/MI_Transmission.uasset" 640
"../../../Engine/Plugins/Interchange/Runtime/Content/gltf/MaterialInstances_MR/MI_Transmission.uexp" 641
"../../../Engine/Plugins/Interchange/Runtime/Content/gltf/MaterialFunctions/MF_Clearcoat.uasset" 642
"../../../Engine/Plugins/Interchange/Runtime/Content/gltf/MaterialFunctions/MF_Clearcoat.uexp" 643
"../../../Engine/Plugins/Interchange/Runtime/Content/gltf/MaterialFunctions/MF_Emissive.uasset" 644
"../../../Engine/Plugins/Interchange/Runtime/Content/gltf/MaterialFunctions/MF_Emissive.uexp" 645
"../../../Engine/Plugins/Interchange/Runtime/Content/gltf/M_Translucent.uasset" 646
"../../../Engine/Plugins/Interchange/Runtime/Content/gltf/M_Translucent.uexp" 647
"../../../Engine/Plugins/Interchange/Runtime/Content/gltf/MaterialInstances_MR/MI_Translucent_TS.uasset" 648
"../../../Engine/Plugins/Interchange/Runtime/Content/gltf/MaterialInstances_MR/MI_Translucent_TS.uexp" 649
"../../../Engine/Plugins/Interchange/Runtime/Content/gltf/MaterialInstances_MR/MI_Translucent_ClearCoat_TS.uasset" 650
"../../../Engine/Plugins/Interchange/Runtime/Content/gltf/MaterialInstances_MR/MI_Translucent_ClearCoat_TS.uexp" 651
"../../../Engine/Plugins/Interchange/Runtime/Content/gltf/MaterialInstances_MR/MI_Translucent_ClearCoat.uasset" 652
"../../../Engine/Plugins/Interchange/Runtime/Content/gltf/MaterialInstances_MR/MI_Translucent_ClearCoat.uexp" 653
"../../../Engine/Plugins/Interchange/Runtime/Content/gltf/MaterialInstances_MR/MI_Translucent.uasset" 654
"../../../Engine/Plugins/Interchange/Runtime/Content/gltf/MaterialInstances_MR/MI_Translucent.uexp" 655
"../../../Engine/Plugins/Interchange/Runtime/Content/gltf/M_Unlit.uasset" 656
"../../../Engine/Plugins/Interchange/Runtime/Content/gltf/M_Unlit.uexp" 657
"../../../Engine/Plugins/Interchange/Runtime/Content/gltf/MaterialInstances_MR/MI_Opaque_Unlit_TS.uasset" 658
"../../../Engine/Plugins/Interchange/Runtime/Content/gltf/MaterialInstances_MR/MI_Opaque_Unlit_TS.uexp" 659
"../../../Engine/Plugins/Interchange/Runtime/Content/gltf/MaterialInstances_MR/MI_Opaque_Unlit.uasset" 660
"../../../Engine/Plugins/Interchange/Runtime/Content/gltf/MaterialInstances_MR/MI_Opaque_Unlit.uexp" 661
"../../../Engine/Plugins/Interchange/Runtime/Content/gltf/M_Opaque.uasset" 662
"../../../Engine/Plugins/Interchange/Runtime/Content/gltf/M_Opaque.uexp" 663
"../../../Engine/Plugins/Interchange/Runtime/Content/gltf/MaterialInstances_MR/MI_Opaque_TS.uasset" 664
"../../../Engine/Plugins/Interchange/Runtime/Content/gltf/MaterialInstances_MR/MI_Opaque_TS.uexp" 665
"../../../Engine/Plugins/Interchange/Runtime/Content/gltf/MaterialFunctions/MF_Sheen.uasset" 666
"../../../Engine/Plugins/Interchange/Runtime/Content/gltf/MaterialFunctions/MF_Sheen.uexp" 667
"../../../Engine/Content/Functions/Engine_MaterialFunctions01/Shading/FuzzyShading.uasset" 668
"../../../Engine/Content/Functions/Engine_MaterialFunctions01/Shading/FuzzyShading.uexp" 669
"../../../Engine/Plugins/Interchange/Runtime/Content/gltf/M_Sheen.uasset" 670
"../../../Engine/Plugins/Interchange/Runtime/Content/gltf/M_Sheen.uexp" 671
"../../../Engine/Plugins/Interchange/Runtime/Content/gltf/MaterialInstances_MR/MI_Opaque_Sheen_TS.uasset" 672
"../../../Engine/Plugins/Interchange/Runtime/Content/gltf/MaterialInstances_MR/MI_Opaque_Sheen_TS.uexp" 673
"../../../Engine/Plugins/Interchange/Runtime/Content/gltf/MaterialInstances_MR/MI_Opaque_Sheen.uasset" 674
"../../../Engine/Plugins/Interchange/Runtime/Content/gltf/MaterialInstances_MR/MI_Opaque_Sheen.uexp" 675
"../../../Engine/Plugins/Interchange/Runtime/Content/gltf/MaterialInstances_MR/MI_Opaque_ClearCoat_TS.uasset" 676
"../../../Engine/Plugins/Interchange/Runtime/Content/gltf/MaterialInstances_MR/MI_Opaque_ClearCoat_TS.uexp" 677
"../../../Engine/Plugins/Interchange/Runtime/Content/gltf/MaterialInstances_MR/MI_Opaque_ClearCoat.uasset" 678
"../../../Engine/Plugins/Interchange/Runtime/Content/gltf/MaterialInstances_MR/MI_Opaque_ClearCoat.uexp" 679
"../../../Engine/Plugins/Interchange/Runtime/Content/gltf/MaterialInstances_MR/MI_Opaque.uasset" 680
"../../../Engine/Plugins/Interchange/Runtime/Content/gltf/MaterialInstances_MR/MI_Opaque.uexp" 681
"../../../Engine/Plugins/Interchange/Runtime/Content/gltf/MaterialInstances_SG/MI_Transmission_TS.uasset" 682
"../../../Engine/Plugins/Interchange/Runtime/Content/gltf/MaterialInstances_SG/MI_Transmission_TS.uexp" 683
"../../../Engine/Plugins/Interchange/Runtime/Content/gltf/MaterialInstances_SG/MI_Transmission.uasset" 684
"../../../Engine/Plugins/Interchange/Runtime/Content/gltf/MaterialInstances_SG/MI_Transmission.uexp" 685
"../../../Engine/Plugins/Interchange/Runtime/Content/gltf/MaterialInstances_SG/MI_Translucent_TS.uasset" 686
"../../../Engine/Plugins/Interchange/Runtime/Content/gltf/MaterialInstances_SG/MI_Translucent_TS.uexp" 687
"../../../Engine/Plugins/Interchange/Runtime/Content/gltf/MaterialInstances_SG/MI_Translucent_ClearCoat_TS.uasset" 688
"../../../Engine/Plugins/Interchange/Runtime/Content/gltf/MaterialInstances_SG/MI_Translucent_ClearCoat_TS.uexp" 689
"../../../Engine/Plugins/Interchange/Runtime/Content/gltf/MaterialInstances_SG/MI_Translucent_ClearCoat.uasset" 690
"../../../Engine/Plugins/Interchange/Runtime/Content/gltf/MaterialInstances_SG/MI_Translucent_ClearCoat.uexp" 691
"../../../Engine/Plugins/Interchange/Runtime/Content/gltf/MaterialInstances_SG/MI_Translucent.uasset" 692
"../../../Engine/Plugins/Interchange/Runtime/Content/gltf/MaterialInstances_SG/MI_Translucent.uexp" 693
"../../../Engine/Plugins/Interchange/Runtime/Content/gltf/MaterialInstances_SG/MI_Opaque_TS.uasset" 694
"../../../Engine/Plugins/Interchange/Runtime/Content/gltf/MaterialInstances_SG/MI_Opaque_TS.uexp" 695
"../../../Engine/Plugins/Interchange/Runtime/Content/gltf/MaterialInstances_SG/MI_Opaque_Sheen_TS.uasset" 696
"../../../Engine/Plugins/Interchange/Runtime/Content/gltf/MaterialInstances_SG/MI_Opaque_Sheen_TS.uexp" 697
"../../../Engine/Plugins/Interchange/Runtime/Content/gltf/MaterialInstances_SG/MI_Opaque_Sheen.uasset" 698
"../../../Engine/Plugins/Interchange/Runtime/Content/gltf/MaterialInstances_SG/MI_Opaque_Sheen.uexp" 699
"../../../Engine/Plugins/Interchange/Runtime/Content/gltf/MaterialInstances_SG/MI_Opaque_ClearCoat_TS.uasset" 700
"../../../Engine/Plugins/Interchange/Runtime/Content/gltf/MaterialInstances_SG/MI_Opaque_ClearCoat_TS.uexp" 701
"../../../Engine/Plugins/Interchange/Runtime/Content/gltf/MaterialInstances_SG/MI_Opaque_ClearCoat.uasset" 702
"../../../Engine/Plugins/Interchange/Runtime/Content/gltf/MaterialInstances_SG/MI_Opaque_ClearCoat.uexp" 703
"../../../Engine/Plugins/Interchange/Runtime/Content/gltf/MaterialInstances_SG/MI_Opaque.uasset" 704
"../../../Engine/Plugins/Interchange/Runtime/Content/gltf/MaterialInstances_SG/MI_Opaque.uexp" 705
"../../../Engine/Plugins/Interchange/Runtime/Content/gltf/Textures/T_Gray_Linear.uasset" 706
"../../../Engine/Plugins/Interchange/Runtime/Content/gltf/Textures/T_Gray_Linear.uexp" 707
"../../../Engine/Plugins/Interchange/Runtime/Content/gltf/Textures/T_Black_srgb.uasset" 708
"../../../Engine/Plugins/Interchange/Runtime/Content/gltf/Textures/T_Black_srgb.uexp" 709
"../../../Engine/Plugins/Interchange/Runtime/Content/Materials/UnlitMaterial.uasset" 710
"../../../Engine/Plugins/Interchange/Runtime/Content/Materials/UnlitMaterial.uexp" 711
"../../../Engine/Content/EngineMaterials/DefaultNormal.ubulk" 712
"../../../Engine/Content/EngineMaterials/DefaultNormal.uasset" 713
"../../../Engine/Content/EngineMaterials/DefaultNormal.uexp" 714
"../../../Engine/Plugins/Interchange/Runtime/Content/Materials/MapOrScalarFunction.uasset" 715
"../../../Engine/Plugins/Interchange/Runtime/Content/Materials/MapOrScalarFunction.uexp" 716
"../../../Engine/Plugins/Interchange/Runtime/Content/Materials/MapOrLinearColorFunction.uasset" 717
"../../../Engine/Plugins/Interchange/Runtime/Content/Materials/MapOrLinearColorFunction.uexp" 718
"../../../Engine/Plugins/Interchange/Runtime/Content/Materials/MapOrColorFunction.uasset" 719
"../../../Engine/Plugins/Interchange/Runtime/Content/Materials/MapOrColorFunction.uexp" 720
"../../../Engine/Plugins/Interchange/Runtime/Content/Materials/CommonMaterial.uasset" 721
"../../../Engine/Plugins/Interchange/Runtime/Content/Materials/CommonMaterial.uexp" 722
"../../../Engine/Plugins/Interchange/Runtime/Content/Materials/PBRSurfaceFunction.uasset" 723
"../../../Engine/Plugins/Interchange/Runtime/Content/Materials/PBRSurfaceFunction.uexp" 724
"../../../Engine/Plugins/Interchange/Runtime/Content/Materials/ThinTranslucentMaterial.uasset" 725
"../../../Engine/Plugins/Interchange/Runtime/Content/Materials/ThinTranslucentMaterial.uexp" 726
"../../../Engine/Plugins/Interchange/Runtime/Content/Materials/SubsurfaceMaterial.uasset" 727
"../../../Engine/Plugins/Interchange/Runtime/Content/Materials/SubsurfaceMaterial.uexp" 728
"../../../Engine/Plugins/Interchange/Runtime/Content/Materials/SheenMaterial.uasset" 729
"../../../Engine/Plugins/Interchange/Runtime/Content/Materials/SheenMaterial.uexp" 730
"../../../Engine/Content/Functions/Engine_MaterialFunctions01/Shading/ConvertFromDiffSpec.uasset" 731
"../../../Engine/Content/Functions/Engine_MaterialFunctions01/Shading/ConvertFromDiffSpec.uexp" 732
"../../../Engine/Plugins/Interchange/Runtime/Content/Materials/PhongSurfaceMaterial.uasset" 733
"../../../Engine/Plugins/Interchange/Runtime/Content/Materials/PhongSurfaceMaterial.uexp" 734
"../../../Engine/Plugins/Interchange/Runtime/Content/Materials/PBRSurfaceMaterial.uasset" 735
"../../../Engine/Plugins/Interchange/Runtime/Content/Materials/PBRSurfaceMaterial.uexp" 736
"../../../Engine/Content/EngineMaterials/FlatNormal.uasset" 737
"../../../Engine/Content/EngineMaterials/FlatNormal.uexp" 738
"../../../Engine/Content/EditorLandscapeResources/WhiteSquareTexture.uasset" 739
"../../../Engine/Content/EditorLandscapeResources/WhiteSquareTexture.uexp" 740
"../../../Engine/Plugins/Interchange/Runtime/Content/Materials/OrenNayerMaterial.uasset" 741
"../../../Engine/Plugins/Interchange/Runtime/Content/Materials/OrenNayerMaterial.uexp" 742
"../../../Engine/Plugins/Interchange/Runtime/Content/Materials/LambertSurfaceMaterial.uasset" 743
"../../../Engine/Plugins/Interchange/Runtime/Content/Materials/LambertSurfaceMaterial.uexp" 744
"../../../Engine/Plugins/Interchange/Runtime/Content/Materials/ClearCoatMaterial.uasset" 745
"../../../Engine/Plugins/Interchange/Runtime/Content/Materials/ClearCoatMaterial.uexp" 746
"../../../Engine/Plugins/Interchange/Runtime/Content/Pipelines/DefaultTexturePipeline.uasset" 747
"../../../Engine/Plugins/Interchange/Runtime/Content/Pipelines/DefaultTexturePipeline.uexp" 748
"../../../Engine/Plugins/Interchange/Runtime/Content/Pipelines/DefaultSceneLevelPipeline.uasset" 749
"../../../Engine/Plugins/Interchange/Runtime/Content/Pipelines/DefaultSceneLevelPipeline.uexp" 750
"../../../Engine/Plugins/Interchange/Runtime/Content/Pipelines/DefaultSceneAssetsPipeline.uasset" 751
"../../../Engine/Plugins/Interchange/Runtime/Content/Pipelines/DefaultSceneAssetsPipeline.uexp" 752
"../../../Engine/Plugins/Interchange/Runtime/Content/Pipelines/DefaultMaterialPipeline.uasset" 753
"../../../Engine/Plugins/Interchange/Runtime/Content/Pipelines/DefaultMaterialPipeline.uexp" 754
"../../../Engine/Plugins/Interchange/Runtime/Content/Pipelines/DefaultAssetsPipeline.uasset" 755
"../../../Engine/Plugins/Interchange/Runtime/Content/Pipelines/DefaultAssetsPipeline.uexp" 756
"../../../Engine/Plugins/Runtime/MeshModelingToolset/Content/Materials/M_DynamicMeshComponentVtxColor.uasset" 757
"../../../Engine/Plugins/Runtime/MeshModelingToolset/Content/Materials/M_DynamicMeshComponentVtxColor.uexp" 758
"C:/Users/Infor/Documents/Unreal Projects/PushPush/Content/Characters/Mannequins/Meshes/SK_Mannequin.uasset" 759
"C:/Users/Infor/Documents/Unreal Projects/PushPush/Content/Characters/Mannequins/Meshes/SK_Mannequin.uexp" 760
"C:/Users/Infor/Documents/Unreal Projects/PushPush/Content/Characters/Mannequins/Textures/Manny/T_Manny_02_MSR_MSK.ubulk" 761
"C:/Users/Infor/Documents/Unreal Projects/PushPush/Content/Characters/Mannequins/Textures/Manny/T_Manny_02_MSR_MSK.uasset" 762
"C:/Users/Infor/Documents/Unreal Projects/PushPush/Content/Characters/Mannequins/Textures/Manny/T_Manny_02_MSR_MSK.uexp" 763
"C:/Users/Infor/Documents/Unreal Projects/PushPush/Content/Characters/Mannequins/Textures/Manny/T_Manny_02_CCRCCPlastic_MSK.ubulk" 764
"C:/Users/Infor/Documents/Unreal Projects/PushPush/Content/Characters/Mannequins/Textures/Manny/T_Manny_02_CCRCCPlastic_MSK.uasset" 765
"C:/Users/Infor/Documents/Unreal Projects/PushPush/Content/Characters/Mannequins/Textures/Manny/T_Manny_02_CCRCCPlastic_MSK.uexp" 766
"C:/Users/Infor/Documents/Unreal Projects/PushPush/Content/Characters/Mannequins/Textures/Manny/T_Manny_02_Tan.ubulk" 767
"C:/Users/Infor/Documents/Unreal Projects/PushPush/Content/Characters/Mannequins/Textures/Manny/T_Manny_02_Tan.uasset" 768
"C:/Users/Infor/Documents/Unreal Projects/PushPush/Content/Characters/Mannequins/Textures/Manny/T_Manny_02_Tan.uexp" 769
"C:/Users/Infor/Documents/Unreal Projects/PushPush/Content/Characters/Mannequins/Textures/Manny/T_Manny_02_N.ubulk" 770
"C:/Users/Infor/Documents/Unreal Projects/PushPush/Content/Characters/Mannequins/Textures/Manny/T_Manny_02_N.uasset" 771
"C:/Users/Infor/Documents/Unreal Projects/PushPush/Content/Characters/Mannequins/Textures/Manny/T_Manny_02_N.uexp" 772
"C:/Users/Infor/Documents/Unreal Projects/PushPush/Content/Characters/Mannequins/Textures/Manny/T_Manny_01_N.ubulk" 773
"C:/Users/Infor/Documents/Unreal Projects/PushPush/Content/Characters/Mannequins/Textures/Manny/T_Manny_01_N.uasset" 774
"C:/Users/Infor/Documents/Unreal Projects/PushPush/Content/Characters/Mannequins/Textures/Manny/T_Manny_01_N.uexp" 775
"C:/Users/Infor/Documents/Unreal Projects/PushPush/Content/Characters/Mannequins/Materials/Functions/ChromaticCurve.uasset" 776
"C:/Users/Infor/Documents/Unreal Projects/PushPush/Content/Characters/Mannequins/Materials/Functions/ChromaticCurve.uexp" 777
"C:/Users/Infor/Documents/Unreal Projects/PushPush/Content/Characters/Mannequins/Materials/Functions/CA_Mannequin.uasset" 778
"C:/Users/Infor/Documents/Unreal Projects/PushPush/Content/Characters/Mannequins/Materials/Functions/CA_Mannequin.uexp" 779
"C:/Users/Infor/Documents/Unreal Projects/PushPush/Content/Characters/Mannequins/Materials/Functions/MF_Diffraction.uasset" 780
"C:/Users/Infor/Documents/Unreal Projects/PushPush/Content/Characters/Mannequins/Materials/Functions/MF_Diffraction.uexp" 781
"C:/Users/Infor/Documents/Unreal Projects/PushPush/Content/Characters/Mannequins/Materials/Functions/ML_BaseColorFallOff.uasset" 782
"C:/Users/Infor/Documents/Unreal Projects/PushPush/Content/Characters/Mannequins/Materials/Functions/ML_BaseColorFallOff.uexp" 783
"../../../Engine/Content/Functions/Engine_MaterialFunctions01/Texturing/ScaleUVsByCenter.uasset" 784
"../../../Engine/Content/Functions/Engine_MaterialFunctions01/Texturing/ScaleUVsByCenter.uexp" 785
"C:/Users/Infor/Documents/Unreal Projects/PushPush/Content/Characters/Mannequins/Textures/Shared/T_UE_Logo_M.uasset" 786
"C:/Users/Infor/Documents/Unreal Projects/PushPush/Content/Characters/Mannequins/Textures/Shared/T_UE_Logo_M.uexp" 787
"C:/Users/Infor/Documents/Unreal Projects/PushPush/Content/Characters/Mannequins/Materials/Functions/MF_logo3layers.uasset" 788
"C:/Users/Infor/Documents/Unreal Projects/PushPush/Content/Characters/Mannequins/Materials/Functions/MF_logo3layers.uexp" 789
"C:/Users/Infor/Documents/Unreal Projects/PushPush/Content/Characters/Mannequins/Textures/Manny/T_Manny_01_CCRCCPlastic_MSK.ubulk" 790
"C:/Users/Infor/Documents/Unreal Projects/PushPush/Content/Characters/Mannequins/Textures/Manny/T_Manny_01_CCRCCPlastic_MSK.uasset" 791
"C:/Users/Infor/Documents/Unreal Projects/PushPush/Content/Characters/Mannequins/Textures/Manny/T_Manny_01_CCRCCPlastic_MSK.uexp" 792
"C:/Users/Infor/Documents/Unreal Projects/PushPush/Content/Characters/Mannequins/Textures/Manny/T_Manny_01_ASAOPMASK_MSK.ubulk" 793
"C:/Users/Infor/Documents/Unreal Projects/PushPush/Content/Characters/Mannequins/Textures/Manny/T_Manny_01_ASAOPMASK_MSK.uasset" 794
"C:/Users/Infor/Documents/Unreal Projects/PushPush/Content/Characters/Mannequins/Textures/Manny/T_Manny_01_ASAOPMASK_MSK.uexp" 795
"C:/Users/Infor/Documents/Unreal Projects/PushPush/Content/Characters/Mannequins/Textures/Manny/T_Manny_01_MSR_MSK.ubulk" 796
"C:/Users/Infor/Documents/Unreal Projects/PushPush/Content/Characters/Mannequins/Textures/Manny/T_Manny_01_MSR_MSK.uasset" 797
"C:/Users/Infor/Documents/Unreal Projects/PushPush/Content/Characters/Mannequins/Textures/Manny/T_Manny_01_MSR_MSK.uexp" 798
"C:/Users/Infor/Documents/Unreal Projects/PushPush/Content/Characters/Mannequins/Textures/Manny/T_Manny_01_BN.ubulk" 799
"C:/Users/Infor/Documents/Unreal Projects/PushPush/Content/Characters/Mannequins/Textures/Manny/T_Manny_01_BN.uasset" 800
"C:/Users/Infor/Documents/Unreal Projects/PushPush/Content/Characters/Mannequins/Textures/Manny/T_Manny_01_BN.uexp" 801
"C:/Users/Infor/Documents/Unreal Projects/PushPush/Content/Characters/Mannequins/Textures/Manny/T_Manny_01_D.ubulk" 802
"C:/Users/Infor/Documents/Unreal Projects/PushPush/Content/Characters/Mannequins/Textures/Manny/T_Manny_01_D.uasset" 803
"C:/Users/Infor/Documents/Unreal Projects/PushPush/Content/Characters/Mannequins/Textures/Manny/T_Manny_01_D.uexp" 804
"C:/Users/Infor/Documents/Unreal Projects/PushPush/Content/Characters/Mannequins/Textures/Manny/T_Manny_01_Tan.ubulk" 805
"C:/Users/Infor/Documents/Unreal Projects/PushPush/Content/Characters/Mannequins/Textures/Manny/T_Manny_01_Tan.uasset" 806
"C:/Users/Infor/Documents/Unreal Projects/PushPush/Content/Characters/Mannequins/Textures/Manny/T_Manny_01_Tan.uexp" 807
"C:/Users/Infor/Documents/Unreal Projects/PushPush/Content/Characters/Mannequins/Materials/M_Mannequin.uasset" 808
"C:/Users/Infor/Documents/Unreal Projects/PushPush/Content/Characters/Mannequins/Materials/M_Mannequin.uexp" 809
"C:/Users/Infor/Documents/Unreal Projects/PushPush/Content/Characters/Mannequins/Materials/Instances/Manny/MI_Manny_01.uasset" 810
"C:/Users/Infor/Documents/Unreal Projects/PushPush/Content/Characters/Mannequins/Materials/Instances/Manny/MI_Manny_01.uexp" 811
"C:/Users/Infor/Documents/Unreal Projects/PushPush/Content/Characters/Mannequins/Textures/Manny/T_Manny_02_BN.ubulk" 812
"C:/Users/Infor/Documents/Unreal Projects/PushPush/Content/Characters/Mannequins/Textures/Manny/T_Manny_02_BN.uasset" 813
"C:/Users/Infor/Documents/Unreal Projects/PushPush/Content/Characters/Mannequins/Textures/Manny/T_Manny_02_BN.uexp" 814
"C:/Users/Infor/Documents/Unreal Projects/PushPush/Content/Characters/Mannequins/Textures/Manny/T_Manny_02_ASAOPMASK_MSK.ubulk" 815
"C:/Users/Infor/Documents/Unreal Projects/PushPush/Content/Characters/Mannequins/Textures/Manny/T_Manny_02_ASAOPMASK_MSK.uasset" 816
"C:/Users/Infor/Documents/Unreal Projects/PushPush/Content/Characters/Mannequins/Textures/Manny/T_Manny_02_ASAOPMASK_MSK.uexp" 817
"C:/Users/Infor/Documents/Unreal Projects/PushPush/Content/Characters/Mannequins/Textures/Manny/T_Manny_02_D.ubulk" 818
"C:/Users/Infor/Documents/Unreal Projects/PushPush/Content/Characters/Mannequins/Textures/Manny/T_Manny_02_D.uasset" 819
"C:/Users/Infor/Documents/Unreal Projects/PushPush/Content/Characters/Mannequins/Textures/Manny/T_Manny_02_D.uexp" 820
"C:/Users/Infor/Documents/Unreal Projects/PushPush/Content/Characters/Mannequins/Materials/Instances/Manny/MI_Manny_02.uasset" 821
"C:/Users/Infor/Documents/Unreal Projects/PushPush/Content/Characters/Mannequins/Materials/Instances/Manny/MI_Manny_02.uexp" 822
"C:/Users/Infor/Documents/Unreal Projects/PushPush/Content/Characters/Mannequins/Rigs/PA_Mannequin.uasset" 823
"C:/Users/Infor/Documents/Unreal Projects/PushPush/Content/Characters/Mannequins/Rigs/PA_Mannequin.uexp" 824
"C:/Users/Infor/Documents/Unreal Projects/PushPush/Content/Characters/Mannequins/Meshes/SKM_Manny_Simple.uasset" 825
"C:/Users/Infor/Documents/Unreal Projects/PushPush/Content/Characters/Mannequins/Meshes/SKM_Manny_Simple.uexp" 826
"C:/Users/Infor/Documents/Unreal Projects/PushPush/Content/LevelPrototyping/Meshes/SM_QuarterCylinder.uasset" 827
"C:/Users/Infor/Documents/Unreal Projects/PushPush/Content/LevelPrototyping/Meshes/SM_QuarterCylinder.uexp" 828
"C:/Users/Infor/Documents/Unreal Projects/PushPush/Content/LevelPrototyping/Meshes/SM_Cylinder.uasset" 829
"C:/Users/Infor/Documents/Unreal Projects/PushPush/Content/LevelPrototyping/Meshes/SM_Cylinder.uexp" 830
"C:/Users/Infor/Documents/Unreal Projects/PushPush/Content/LevelPrototyping/Materials/MI_PrototypeGrid_TopDark.uasset" 831
"C:/Users/Infor/Documents/Unreal Projects/PushPush/Content/LevelPrototyping/Materials/MI_PrototypeGrid_TopDark.uexp" 832
"C:/Users/Infor/Documents/Unreal Projects/PushPush/Content/LevelPrototyping/Meshes/SM_Ramp.uasset" 833
"C:/Users/Infor/Documents/Unreal Projects/PushPush/Content/LevelPrototyping/Meshes/SM_Ramp.uexp" 834
"../../../Engine/Content/Animation/DefaultAnimCurveCompressionSettings.uasset" 835
"../../../Engine/Content/Animation/DefaultAnimCurveCompressionSettings.uexp" 836
"../../../Engine/Content/Animation/DefaultAnimBoneCompressionSettings.uasset" 837
"../../../Engine/Content/Animation/DefaultAnimBoneCompressionSettings.uexp" 838
"C:/Users/Infor/Documents/Unreal Projects/PushPush/Content/Characters/Mannequins/Animations/Quinn/MF_Run_Fwd.uasset" 839
"C:/Users/Infor/Documents/Unreal Projects/PushPush/Content/Characters/Mannequins/Animations/Quinn/MF_Run_Fwd.uexp" 840
"C:/Users/Infor/Documents/Unreal Projects/PushPush/Content/Characters/Mannequins/Animations/Quinn/MF_Walk_Fwd.uasset" 841
"C:/Users/Infor/Documents/Unreal Projects/PushPush/Content/Characters/Mannequins/Animations/Quinn/MF_Walk_Fwd.uexp" 842
"../../../Engine/Content/Animation/DefaultRecorderBoneCompression.uasset" 843
"../../../Engine/Content/Animation/DefaultRecorderBoneCompression.uexp" 844
"C:/Users/Infor/Documents/Unreal Projects/PushPush/Content/Characters/Mannequins/Animations/Manny/MM_Walk_InPlace.uasset" 845
"C:/Users/Infor/Documents/Unreal Projects/PushPush/Content/Characters/Mannequins/Animations/Manny/MM_Walk_InPlace.uexp" 846
"C:/Users/Infor/Documents/Unreal Projects/PushPush/Content/Characters/Mannequins/Animations/Quinn/BS_MF_Unarmed_WalkRun.uasset" 847
"C:/Users/Infor/Documents/Unreal Projects/PushPush/Content/Characters/Mannequins/Animations/Quinn/BS_MF_Unarmed_WalkRun.uexp" 848
"C:/Users/Infor/Documents/Unreal Projects/PushPush/Content/Characters/Mannequins/Animations/Quinn/MF_Idle.uasset" 849
"C:/Users/Infor/Documents/Unreal Projects/PushPush/Content/Characters/Mannequins/Animations/Quinn/MF_Idle.uexp" 850
"C:/Users/Infor/Documents/Unreal Projects/PushPush/Content/Characters/Mannequins/Animations/Manny/MM_Fall_Loop.uasset" 851
"C:/Users/Infor/Documents/Unreal Projects/PushPush/Content/Characters/Mannequins/Animations/Manny/MM_Fall_Loop.uexp" 852
"C:/Users/Infor/Documents/Unreal Projects/PushPush/Content/Characters/Mannequins/Animations/Manny/MM_Jump.uasset" 853
"C:/Users/Infor/Documents/Unreal Projects/PushPush/Content/Characters/Mannequins/Animations/Manny/MM_Jump.uexp" 854
"../../../Engine/Plugins/Animation/ControlRig/Content/Controls/DefaultGizmoLibrary.uasset" 855
"../../../Engine/Plugins/Animation/ControlRig/Content/Controls/DefaultGizmoLibrary.uexp" 856
"C:/Users/Infor/Documents/Unreal Projects/PushPush/Content/Characters/Mannequins/Rigs/CR_Mannequin_BasicFootIK.uasset" 857
"C:/Users/Infor/Documents/Unreal Projects/PushPush/Content/Characters/Mannequins/Rigs/CR_Mannequin_BasicFootIK.uexp" 858
"C:/Users/Infor/Documents/Unreal Projects/PushPush/Content/Characters/Mannequins/Animations/Manny/MM_Run_Fwd.uasset" 859
"C:/Users/Infor/Documents/Unreal Projects/PushPush/Content/Characters/Mannequins/Animations/Manny/MM_Run_Fwd.uexp" 860
"C:/Users/Infor/Documents/Unreal Projects/PushPush/Content/Characters/Mannequins/Animations/Manny/MM_Walk_Fwd.uasset" 861
"C:/Users/Infor/Documents/Unreal Projects/PushPush/Content/Characters/Mannequins/Animations/Manny/MM_Walk_Fwd.uexp" 862
"C:/Users/Infor/Documents/Unreal Projects/PushPush/Content/Characters/Mannequins/Animations/Manny/BS_MM_WalkRun.uasset" 863
"C:/Users/Infor/Documents/Unreal Projects/PushPush/Content/Characters/Mannequins/Animations/Manny/BS_MM_WalkRun.uexp" 864
"C:/Users/Infor/Documents/Unreal Projects/PushPush/Content/Characters/Mannequins/Animations/Manny/MM_Land.uasset" 865
"C:/Users/Infor/Documents/Unreal Projects/PushPush/Content/Characters/Mannequins/Animations/Manny/MM_Land.uexp" 866
"C:/Users/Infor/Documents/Unreal Projects/PushPush/Content/Characters/Mannequins/Animations/Manny/MM_Idle.uasset" 867
"C:/Users/Infor/Documents/Unreal Projects/PushPush/Content/Characters/Mannequins/Animations/Manny/MM_Idle.uexp" 868
"C:/Users/Infor/Documents/Unreal Projects/PushPush/Content/Characters/Mannequins/Animations/ABP_Manny.uasset" 869
"C:/Users/Infor/Documents/Unreal Projects/PushPush/Content/Characters/Mannequins/Animations/ABP_Manny.uexp" 870
"C:/Users/Infor/Documents/Unreal Projects/PushPush/Content/Characters/Mannequins/Animations/ABP_Quinn.uasset" 871
"C:/Users/Infor/Documents/Unreal Projects/PushPush/Content/Characters/Mannequins/Animations/ABP_Quinn.uexp" 872
"C:/Users/Infor/Documents/Unreal Projects/PushPush/Content/Characters/Mannequins/Rigs/Poses/Quinn/Quinn_foot_l_anim.uasset" 873
"C:/Users/Infor/Documents/Unreal Projects/PushPush/Content/Characters/Mannequins/Rigs/Poses/Quinn/Quinn_foot_l_anim.uexp" 874
"C:/Users/Infor/Documents/Unreal Projects/PushPush/Content/Characters/Mannequins/Rigs/Poses/Quinn/Quinn_foot_l_pose.uasset" 875
"C:/Users/Infor/Documents/Unreal Projects/PushPush/Content/Characters/Mannequins/Rigs/Poses/Quinn/Quinn_foot_l_pose.uexp" 876
"C:/Users/Infor/Documents/Unreal Projects/PushPush/Content/Characters/Mannequins/Rigs/Poses/Quinn/Quinn_clavicle_l_anim.uasset" 877
"C:/Users/Infor/Documents/Unreal Projects/PushPush/Content/Characters/Mannequins/Rigs/Poses/Quinn/Quinn_clavicle_l_anim.uexp" 878
"C:/Users/Infor/Documents/Unreal Projects/PushPush/Content/Characters/Mannequins/Rigs/Poses/Quinn/Quinn_clavicle_l_pose.uasset" 879
"C:/Users/Infor/Documents/Unreal Projects/PushPush/Content/Characters/Mannequins/Rigs/Poses/Quinn/Quinn_clavicle_l_pose.uexp" 880
"C:/Users/Infor/Documents/Unreal Projects/PushPush/Content/Characters/Mannequins/Rigs/Poses/Quinn/Quinn_clavicle_r_anim.uasset" 881
"C:/Users/Infor/Documents/Unreal Projects/PushPush/Content/Characters/Mannequins/Rigs/Poses/Quinn/Quinn_clavicle_r_anim.uexp" 882
"C:/Users/Infor/Documents/Unreal Projects/PushPush/Content/Characters/Mannequins/Rigs/Poses/Quinn/Quinn_clavicle_r_pose.uasset" 883
"C:/Users/Infor/Documents/Unreal Projects/PushPush/Content/Characters/Mannequins/Rigs/Poses/Quinn/Quinn_clavicle_r_pose.uexp" 884
"C:/Users/Infor/Documents/Unreal Projects/PushPush/Content/Characters/Mannequins/Rigs/Poses/Quinn/Quinn_upperarm_l_anim.uasset" 885
"C:/Users/Infor/Documents/Unreal Projects/PushPush/Content/Characters/Mannequins/Rigs/Poses/Quinn/Quinn_upperarm_l_anim.uexp" 886
"C:/Users/Infor/Documents/Unreal Projects/PushPush/Content/Characters/Mannequins/Rigs/Poses/Quinn/Quinn_upperarm_l_pose.uasset" 887
"C:/Users/Infor/Documents/Unreal Projects/PushPush/Content/Characters/Mannequins/Rigs/Poses/Quinn/Quinn_upperarm_l_pose.uexp" 888
"C:/Users/Infor/Documents/Unreal Projects/PushPush/Content/Characters/Mannequins/Rigs/Poses/Quinn/Quinn_lowerarm_l_anim.uasset" 889
"C:/Users/Infor/Documents/Unreal Projects/PushPush/Content/Characters/Mannequins/Rigs/Poses/Quinn/Quinn_lowerarm_l_anim.uexp" 890
"C:/Users/Infor/Documents/Unreal Projects/PushPush/Content/Characters/Mannequins/Rigs/Poses/Quinn/Quinn_lowerarm_l_pose.uasset" 891
"C:/Users/Infor/Documents/Unreal Projects/PushPush/Content/Characters/Mannequins/Rigs/Poses/Quinn/Quinn_lowerarm_l_pose.uexp" 892
"C:/Users/Infor/Documents/Unreal Projects/PushPush/Content/Characters/Mannequins/Rigs/Poses/Quinn/Quinn_calf_l_anim.uasset" 893
"C:/Users/Infor/Documents/Unreal Projects/PushPush/Content/Characters/Mannequins/Rigs/Poses/Quinn/Quinn_calf_l_anim.uexp" 894
"C:/Users/Infor/Documents/Unreal Projects/PushPush/Content/Characters/Mannequins/Rigs/Poses/Quinn/Quinn_calf_l_pose.uasset" 895
"C:/Users/Infor/Documents/Unreal Projects/PushPush/Content/Characters/Mannequins/Rigs/Poses/Quinn/Quinn_calf_l_pose.uexp" 896
"C:/Users/Infor/Documents/Unreal Projects/PushPush/Content/Characters/Mannequins/Rigs/CR_Mannequin_Procedural.uasset" 897
"C:/Users/Infor/Documents/Unreal Projects/PushPush/Content/Characters/Mannequins/Rigs/CR_Mannequin_Procedural.uexp" 898
"C:/Users/Infor/Documents/Unreal Projects/PushPush/Content/Characters/Mannequins/Rigs/Poses/Quinn/Quinn_upperarm_r_anim.uasset" 899
"C:/Users/Infor/Documents/Unreal Projects/PushPush/Content/Characters/Mannequins/Rigs/Poses/Quinn/Quinn_upperarm_r_anim.uexp" 900
"C:/Users/Infor/Documents/Unreal Projects/PushPush/Content/Characters/Mannequins/Rigs/Poses/Quinn/Quinn_upperarm_r_pose.uasset" 901
"C:/Users/Infor/Documents/Unreal Projects/PushPush/Content/Characters/Mannequins/Rigs/Poses/Quinn/Quinn_upperarm_r_pose.uexp" 902
"C:/Users/Infor/Documents/Unreal Projects/PushPush/Content/Characters/Mannequins/Rigs/Poses/Quinn/Quinn_calf_r_anim.uasset" 903
"C:/Users/Infor/Documents/Unreal Projects/PushPush/Content/Characters/Mannequins/Rigs/Poses/Quinn/Quinn_calf_r_anim.uexp" 904
"C:/Users/Infor/Documents/Unreal Projects/PushPush/Content/Characters/Mannequins/Rigs/Poses/Quinn/Quinn_calf_r_pose.uasset" 905
"C:/Users/Infor/Documents/Unreal Projects/PushPush/Content/Characters/Mannequins/Rigs/Poses/Quinn/Quinn_calf_r_pose.uexp" 906
"C:/Users/Infor/Documents/Unreal Projects/PushPush/Content/Characters/Mannequins/Rigs/Poses/Quinn/Quinn_foot_r_anim.uasset" 907
"C:/Users/Infor/Documents/Unreal Projects/PushPush/Content/Characters/Mannequins/Rigs/Poses/Quinn/Quinn_foot_r_anim.uexp" 908
"C:/Users/Infor/Documents/Unreal Projects/PushPush/Content/Characters/Mannequins/Rigs/Poses/Quinn/Quinn_foot_r_pose.uasset" 909
"C:/Users/Infor/Documents/Unreal Projects/PushPush/Content/Characters/Mannequins/Rigs/Poses/Quinn/Quinn_foot_r_pose.uexp" 910
"C:/Users/Infor/Documents/Unreal Projects/PushPush/Content/Characters/Mannequins/Rigs/Poses/Quinn/Quinn_lowerarm_r_anim.uasset" 911
"C:/Users/Infor/Documents/Unreal Projects/PushPush/Content/Characters/Mannequins/Rigs/Poses/Quinn/Quinn_lowerarm_r_anim.uexp" 912
"C:/Users/Infor/Documents/Unreal Projects/PushPush/Content/Characters/Mannequins/Rigs/Poses/Quinn/Quinn_lowerarm_r_pose.uasset" 913
"C:/Users/Infor/Documents/Unreal Projects/PushPush/Content/Characters/Mannequins/Rigs/Poses/Quinn/Quinn_lowerarm_r_pose.uexp" 914
"C:/Users/Infor/Documents/Unreal Projects/PushPush/Content/Characters/Mannequins/Rigs/Poses/Quinn/Quinn_thigh_l_anim.uasset" 915
"C:/Users/Infor/Documents/Unreal Projects/PushPush/Content/Characters/Mannequins/Rigs/Poses/Quinn/Quinn_thigh_l_anim.uexp" 916
"C:/Users/Infor/Documents/Unreal Projects/PushPush/Content/Characters/Mannequins/Rigs/Poses/Quinn/Quinn_thigh_l_pose.uasset" 917
"C:/Users/Infor/Documents/Unreal Projects/PushPush/Content/Characters/Mannequins/Rigs/Poses/Quinn/Quinn_thigh_l_pose.uexp" 918
"C:/Users/Infor/Documents/Unreal Projects/PushPush/Content/Characters/Mannequins/Rigs/Poses/Quinn/Quinn_thigh_r_anim.uasset" 919
"C:/Users/Infor/Documents/Unreal Projects/PushPush/Content/Characters/Mannequins/Rigs/Poses/Quinn/Quinn_thigh_r_anim.uexp" 920
"C:/Users/Infor/Documents/Unreal Projects/PushPush/Content/Characters/Mannequins/Rigs/Poses/Quinn/Quinn_thigh_r_pose.uasset" 921
"C:/Users/Infor/Documents/Unreal Projects/PushPush/Content/Characters/Mannequins/Rigs/Poses/Quinn/Quinn_thigh_r_pose.uexp" 922
"C:/Users/Infor/Documents/Unreal Projects/PushPush/Content/Characters/Mannequins/Rigs/Poses/Quinn/Quinn_hand_l_anim.uasset" 923
"C:/Users/Infor/Documents/Unreal Projects/PushPush/Content/Characters/Mannequins/Rigs/Poses/Quinn/Quinn_hand_l_anim.uexp" 924
"C:/Users/Infor/Documents/Unreal Projects/PushPush/Content/Characters/Mannequins/Rigs/Poses/Quinn/Quinn_hand_l_pose.uasset" 925
"C:/Users/Infor/Documents/Unreal Projects/PushPush/Content/Characters/Mannequins/Rigs/Poses/Quinn/Quinn_hand_l_pose.uexp" 926
"C:/Users/Infor/Documents/Unreal Projects/PushPush/Content/Characters/Mannequins/Rigs/Poses/Quinn/Quinn_hand_r_anim.uasset" 927
"C:/Users/Infor/Documents/Unreal Projects/PushPush/Content/Characters/Mannequins/Rigs/Poses/Quinn/Quinn_hand_r_anim.uexp" 928
"C:/Users/Infor/Documents/Unreal Projects/PushPush/Content/Characters/Mannequins/Rigs/Poses/Quinn/Quinn_hand_r_pose.uasset" 929
"C:/Users/Infor/Documents/Unreal Projects/PushPush/Content/Characters/Mannequins/Rigs/Poses/Quinn/Quinn_hand_r_pose.uexp" 930
"C:/Users/Infor/Documents/Unreal Projects/PushPush/Content/Characters/Mannequins/Rigs/ABP_Quinn_PostProcess.uasset" 931
"C:/Users/Infor/Documents/Unreal Projects/PushPush/Content/Characters/Mannequins/Rigs/ABP_Quinn_PostProcess.uexp" 932
"C:/Users/Infor/Documents/Unreal Projects/PushPush/Content/Characters/Mannequins/Textures/Quinn/T_Quinn_02ID_MSR_MSK.ubulk" 933
"C:/Users/Infor/Documents/Unreal Projects/PushPush/Content/Characters/Mannequins/Textures/Quinn/T_Quinn_02ID_MSR_MSK.uasset" 934
"C:/Users/Infor/Documents/Unreal Projects/PushPush/Content/Characters/Mannequins/Textures/Quinn/T_Quinn_02ID_MSR_MSK.uexp" 935
"C:/Users/Infor/Documents/Unreal Projects/PushPush/Content/Characters/Mannequins/Textures/Quinn/T_Quinn_02ID_BN.ubulk" 936
"C:/Users/Infor/Documents/Unreal Projects/PushPush/Content/Characters/Mannequins/Textures/Quinn/T_Quinn_02ID_BN.uasset" 937
"C:/Users/Infor/Documents/Unreal Projects/PushPush/Content/Characters/Mannequins/Textures/Quinn/T_Quinn_02ID_BN.uexp" 938
"C:/Users/Infor/Documents/Unreal Projects/PushPush/Content/Characters/Mannequins/Textures/Quinn/T_Quinn_02_ASAOMASK_MSK.ubulk" 939
"C:/Users/Infor/Documents/Unreal Projects/PushPush/Content/Characters/Mannequins/Textures/Quinn/T_Quinn_02_ASAOMASK_MSK.uasset" 940
"C:/Users/Infor/Documents/Unreal Projects/PushPush/Content/Characters/Mannequins/Textures/Quinn/T_Quinn_02_ASAOMASK_MSK.uexp" 941
"C:/Users/Infor/Documents/Unreal Projects/PushPush/Content/Characters/Mannequins/Textures/Quinn/T_Quinn_02_CCRCCPlastic_MSK.ubulk" 942
"C:/Users/Infor/Documents/Unreal Projects/PushPush/Content/Characters/Mannequins/Textures/Quinn/T_Quinn_02_CCRCCPlastic_MSK.uasset" 943
"C:/Users/Infor/Documents/Unreal Projects/PushPush/Content/Characters/Mannequins/Textures/Quinn/T_Quinn_02_CCRCCPlastic_MSK.uexp" 944
"C:/Users/Infor/Documents/Unreal Projects/PushPush/Content/Characters/Mannequins/Textures/Quinn/T_Quinn_02ID_Tan.ubulk" 945
"C:/Users/Infor/Documents/Unreal Projects/PushPush/Content/Characters/Mannequins/Textures/Quinn/T_Quinn_02ID_Tan.uasset" 946
"C:/Users/Infor/Documents/Unreal Projects/PushPush/Content/Characters/Mannequins/Textures/Quinn/T_Quinn_02ID_Tan.uexp" 947
"C:/Users/Infor/Documents/Unreal Projects/PushPush/Content/Characters/Mannequins/Textures/Quinn/T_Quinn_02ID_D.ubulk" 948
"C:/Users/Infor/Documents/Unreal Projects/PushPush/Content/Characters/Mannequins/Textures/Quinn/T_Quinn_02ID_D.uasset" 949
"C:/Users/Infor/Documents/Unreal Projects/PushPush/Content/Characters/Mannequins/Textures/Quinn/T_Quinn_02ID_D.uexp" 950
"C:/Users/Infor/Documents/Unreal Projects/PushPush/Content/Characters/Mannequins/Textures/Quinn/T_Quinn_01ID_MSR_MSK.ubulk" 951
"C:/Users/Infor/Documents/Unreal Projects/PushPush/Content/Characters/Mannequins/Textures/Quinn/T_Quinn_01ID_MSR_MSK.uasset" 952
"C:/Users/Infor/Documents/Unreal Projects/PushPush/Content/Characters/Mannequins/Textures/Quinn/T_Quinn_01ID_MSR_MSK.uexp" 953
"C:/Users/Infor/Documents/Unreal Projects/PushPush/Content/Characters/Mannequins/Textures/Quinn/T_Quinn_01_ASAOMASK_MSK.ubulk" 954
"C:/Users/Infor/Documents/Unreal Projects/PushPush/Content/Characters/Mannequins/Textures/Quinn/T_Quinn_01_ASAOMASK_MSK.uasset" 955
"C:/Users/Infor/Documents/Unreal Projects/PushPush/Content/Characters/Mannequins/Textures/Quinn/T_Quinn_01_ASAOMASK_MSK.uexp" 956
"C:/Users/Infor/Documents/Unreal Projects/PushPush/Content/Characters/Mannequins/Textures/Quinn/T_Quinn_01ID_N.ubulk" 957
"C:/Users/Infor/Documents/Unreal Projects/PushPush/Content/Characters/Mannequins/Textures/Quinn/T_Quinn_01ID_N.uasset" 958
"C:/Users/Infor/Documents/Unreal Projects/PushPush/Content/Characters/Mannequins/Textures/Quinn/T_Quinn_01ID_N.uexp" 959
"C:/Users/Infor/Documents/Unreal Projects/PushPush/Content/Characters/Mannequins/Textures/Quinn/T_Quinn_01ID_BN.ubulk" 960
"C:/Users/Infor/Documents/Unreal Projects/PushPush/Content/Characters/Mannequins/Textures/Quinn/T_Quinn_01ID_BN.uasset" 961
"C:/Users/Infor/Documents/Unreal Projects/PushPush/Content/Characters/Mannequins/Textures/Quinn/T_Quinn_01ID_BN.uexp" 962
"C:/Users/Infor/Documents/Unreal Projects/PushPush/Content/Characters/Mannequins/Textures/Quinn/T_Quinn_01ID_D.ubulk" 963
"C:/Users/Infor/Documents/Unreal Projects/PushPush/Content/Characters/Mannequins/Textures/Quinn/T_Quinn_01ID_D.uasset" 964
"C:/Users/Infor/Documents/Unreal Projects/PushPush/Content/Characters/Mannequins/Textures/Quinn/T_Quinn_01ID_D.uexp" 965
"C:/Users/Infor/Documents/Unreal Projects/PushPush/Content/Characters/Mannequins/Textures/Quinn/T_Quinn_01ID_Tan.ubulk" 966
"C:/Users/Infor/Documents/Unreal Projects/PushPush/Content/Characters/Mannequins/Textures/Quinn/T_Quinn_01ID_Tan.uasset" 967
"C:/Users/Infor/Documents/Unreal Projects/PushPush/Content/Characters/Mannequins/Textures/Quinn/T_Quinn_01ID_Tan.uexp" 968
"C:/Users/Infor/Documents/Unreal Projects/PushPush/Content/Characters/Mannequins/Textures/Quinn/T_Quinn_01_CCRCCPlastic_MSK.ubulk" 969
"C:/Users/Infor/Documents/Unreal Projects/PushPush/Content/Characters/Mannequins/Textures/Quinn/T_Quinn_01_CCRCCPlastic_MSK.uasset" 970
"C:/Users/Infor/Documents/Unreal Projects/PushPush/Content/Characters/Mannequins/Textures/Quinn/T_Quinn_01_CCRCCPlastic_MSK.uexp" 971
"C:/Users/Infor/Documents/Unreal Projects/PushPush/Content/Characters/Mannequins/Materials/Instances/Quinn/MI_Quinn_01.uasset" 972
"C:/Users/Infor/Documents/Unreal Projects/PushPush/Content/Characters/Mannequins/Materials/Instances/Quinn/MI_Quinn_01.uexp" 973
"C:/Users/Infor/Documents/Unreal Projects/PushPush/Content/Characters/Mannequins/Textures/Quinn/T_Quinn_02ID_N.ubulk" 974
"C:/Users/Infor/Documents/Unreal Projects/PushPush/Content/Characters/Mannequins/Textures/Quinn/T_Quinn_02ID_N.uasset" 975
"C:/Users/Infor/Documents/Unreal Projects/PushPush/Content/Characters/Mannequins/Textures/Quinn/T_Quinn_02ID_N.uexp" 976
"C:/Users/Infor/Documents/Unreal Projects/PushPush/Content/Characters/Mannequins/Materials/Instances/Quinn/MI_Quinn_02.uasset" 977
"C:/Users/Infor/Documents/Unreal Projects/PushPush/Content/Characters/Mannequins/Materials/Instances/Quinn/MI_Quinn_02.uexp" 978
"C:/Users/Infor/Documents/Unreal Projects/PushPush/Content/Characters/Mannequins/Meshes/SKM_Quinn.uasset" 979
"C:/Users/Infor/Documents/Unreal Projects/PushPush/Content/Characters/Mannequins/Meshes/SKM_Quinn.uexp" 980
"C:/Users/Infor/Documents/Unreal Projects/PushPush/Content/TopDown/Blueprints/BP_TopDownCharacter.uasset" 981
"C:/Users/Infor/Documents/Unreal Projects/PushPush/Content/TopDown/Blueprints/BP_TopDownCharacter.uexp" 982
"../../../Engine/Plugins/Animation/ControlRig/Content/Controls/DefaultGizmoLibraryNormalized.uasset" 983
"../../../Engine/Plugins/Animation/ControlRig/Content/Controls/DefaultGizmoLibraryNormalized.uexp" 984
"C:/Users/Infor/Documents/Unreal Projects/PushPush/Content/Characters/Mannequins/Rigs/CR_Mannequin_Body.uasset" 985
"C:/Users/Infor/Documents/Unreal Projects/PushPush/Content/Characters/Mannequins/Rigs/CR_Mannequin_Body.uexp" 986
"../../../Engine/Content/Maps/Entry_BuiltData.uasset" 987
"../../../Engine/Content/Maps/Entry_BuiltData.uexp" 988
"../../../Engine/Content/Maps/Entry.uexp" 989
"../../../Engine/Content/Maps/Entry.umap" 990
"../../../Engine/Content/Maps/Templates/HLODs/HLODLayer_Instanced.uasset" 991
"../../../Engine/Content/Maps/Templates/HLODs/HLODLayer_Instanced.uexp" 992
"C:/Users/Infor/Documents/Unreal Projects/PushPush/Content/TopDown/Maps/TopDownMap.uexp" 993
"C:/Users/Infor/Documents/Unreal Projects/PushPush/Content/TopDown/Maps/TopDownMap.umap" 994
